"../../../Engine/Plugins/Interchange/Runtime/Content/Pipelines/DefaultTexturePipeline.uasset" 0
"../../../Engine/Plugins/Interchange/Runtime/Content/Pipelines/DefaultTexturePipeline.uexp" 1
"../../../Engine/Plugins/Interchange/Runtime/Content/Pipelines/DefaultSceneLevelPipeline.uasset" 2
"../../../Engine/Plugins/Interchange/Runtime/Content/Pipelines/DefaultSceneLevelPipeline.uexp" 3
"../../../Engine/Plugins/Interchange/Runtime/Content/Pipelines/DefaultSceneAssetsPipeline.uasset" 4
"../../../Engine/Plugins/Interchange/Runtime/Content/Pipelines/DefaultSceneAssetsPipeline.uexp" 5
"../../../Engine/Plugins/Interchange/Runtime/Content/Pipelines/DefaultMaterialXPipeline.uasset" 6
"../../../Engine/Plugins/Interchange/Runtime/Content/Pipelines/DefaultMaterialXPipeline.uexp" 7
"../../../Engine/Plugins/Interchange/Runtime/Content/Pipelines/DefaultMaterialPipeline.uasset" 8
"../../../Engine/Plugins/Interchange/Runtime/Content/Pipelines/DefaultMaterialPipeline.uexp" 9
"../../../Engine/Plugins/Interchange/Runtime/Content/Pipelines/DefaultGLTFSceneAssetsPipeline.uasset" 10
"../../../Engine/Plugins/Interchange/Runtime/Content/Pipelines/DefaultGLTFSceneAssetsPipeline.uexp" 11
"../../../Engine/Plugins/Interchange/Runtime/Content/Pipelines/DefaultGLTFPipeline.uasset" 12
"../../../Engine/Plugins/Interchange/Runtime/Content/Pipelines/DefaultGLTFPipeline.uexp" 13
"../../../Engine/Plugins/Interchange/Runtime/Content/Pipelines/DefaultGLTFAssetsPipeline.uasset" 14
"../../../Engine/Plugins/Interchange/Runtime/Content/Pipelines/DefaultGLTFAssetsPipeline.uexp" 15
"../../../Engine/Plugins/Interchange/Runtime/Content/Pipelines/DefaultAssetsPipeline.uasset" 16
"../../../Engine/Plugins/Interchange/Runtime/Content/Pipelines/DefaultAssetsPipeline.uexp" 17
"../../../Engine/Plugins/Animation/ControlRig/Content/Controls/DefaultGizmoLibraryNormalized.uasset" 18
"../../../Engine/Plugins/Animation/ControlRig/Content/Controls/DefaultGizmoLibraryNormalized.uexp" 19
"../../../Engine/Plugins/Animation/ACLPlugin/Content/ACLAnimCurveCompressionSettings.uasset" 20
"../../../Engine/Plugins/Animation/ACLPlugin/Content/ACLAnimCurveCompressionSettings.uexp" 21
"../../../Engine/Plugins/Animation/ACLPlugin/Content/ACLAnimBoneCompressionSettings.uasset" 22
"../../../Engine/Plugins/Animation/ACLPlugin/Content/ACLAnimBoneCompressionSettings.uexp" 23
"../../../Engine/Plugins/2D/Paper2D/Content/PlaceholderTextures/DummySpriteTexture.ubulk" 24
"../../../Engine/Plugins/2D/Paper2D/Content/PlaceholderTextures/DummySpriteTexture.uasset" 25
"../../../Engine/Plugins/2D/Paper2D/Content/PlaceholderTextures/DummySpriteTexture.uexp" 26
"../../../Engine/Plugins/2D/Paper2D/Content/DummySprite.uasset" 27
"../../../Engine/Plugins/2D/Paper2D/Content/DummySprite.uexp" 28
"../../../Engine/Plugins/2D/Paper2D/Content/DefaultPaperTerrainMaterial.uasset" 29
"../../../Engine/Plugins/2D/Paper2D/Content/DefaultPaperTerrainMaterial.uexp" 30
"../../../Engine/Content/EngineSounds/Master.uasset" 31
"../../../Engine/Content/EngineSounds/Master.uexp" 32
"../../../Engine/Content/EngineMaterials/DefaultPhysicalMaterial.uasset" 33
"../../../Engine/Content/EngineMaterials/DefaultPhysicalMaterial.uexp" 34
"../../../Engine/Content/EngineMaterials/DefaultDestructiblePhysicalMaterial.uasset" 35
"../../../Engine/Content/EngineMaterials/DefaultDestructiblePhysicalMaterial.uexp" 36
"../../../Engine/Content/EngineFonts/Faces/RobotoLight.uexp" 37
"../../../Engine/Content/EngineFonts/Faces/RobotoLight.uasset" 38
"../../../Engine/Content/EngineFonts/Faces/RobotoLight.ufont" 39
"../../../Engine/Content/EngineFonts/Faces/RobotoBold.uexp" 40
"../../../Engine/Content/EngineFonts/Faces/RobotoBold.uasset" 41
"../../../Engine/Content/EngineFonts/Faces/RobotoBold.ufont" 42
"../../../Engine/Content/EngineFonts/Faces/RobotoRegular.uexp" 43
"../../../Engine/Content/EngineFonts/Faces/RobotoRegular.uasset" 44
"../../../Engine/Content/EngineFonts/Faces/RobotoRegular.ufont" 45
"../../../Engine/Content/EngineFonts/Faces/DroidSansFallback.uexp" 46
"../../../Engine/Content/EngineFonts/Faces/DroidSansFallback.uasset" 47
"../../../Engine/Content/EngineFonts/Faces/DroidSansFallback.ufont" 48
"../../../Engine/Content/EngineFonts/Faces/RobotoItalic.uexp" 49
"../../../Engine/Content/EngineFonts/Faces/RobotoItalic.uasset" 50
"../../../Engine/Content/EngineFonts/Faces/RobotoItalic.ufont" 51
"../../../Engine/Content/EngineFonts/Faces/RobotoBoldItalic.uexp" 52
"../../../Engine/Content/EngineFonts/Faces/RobotoBoldItalic.uasset" 53
"../../../Engine/Content/EngineFonts/Faces/RobotoBoldItalic.ufont" 54
"../../../Engine/Content/EngineFonts/Roboto.uasset" 55
"../../../Engine/Content/EngineFonts/Roboto.uexp" 56
"../../../Engine/Content/Animation/DefaultVariableFrameStrippingSettings.uasset" 57
"../../../Engine/Content/Animation/DefaultVariableFrameStrippingSettings.uexp" 58
"../../../Engine/Content/Animation/DefaultRecorderBoneCompression.uasset" 59
"../../../Engine/Content/Animation/DefaultRecorderBoneCompression.uexp" 60
"../../../Engine/Content/MobileResources/HUD/VirtualJoystick_Background.uasset" 61
"../../../Engine/Content/MobileResources/HUD/VirtualJoystick_Background.uexp" 62
"../../../Engine/Content/MobileResources/HUD/VirtualJoystick_Thumb.uasset" 63
"../../../Engine/Content/MobileResources/HUD/VirtualJoystick_Thumb.uexp" 64
"../../../Engine/Content/MobileResources/HUD/DefaultVirtualJoysticks.uasset" 65
"../../../Engine/Content/MobileResources/HUD/DefaultVirtualJoysticks.uexp" 66
"../../../Engine/Content/EditorResources/S_Actor.ubulk" 67
"../../../Engine/Content/EditorResources/S_Actor.uasset" 68
"../../../Engine/Content/EditorResources/S_Actor.uexp" 69
"../../../Engine/Content/EditorResources/S_BoxReflectionCapture.uasset" 70
"../../../Engine/Content/EditorResources/S_BoxReflectionCapture.uexp" 71
"../../../Engine/Content/EngineResources/DefaultTexture.ubulk" 72
"../../../Engine/Content/EngineResources/DefaultTexture.uasset" 73
"../../../Engine/Content/EngineResources/DefaultTexture.uexp" 74
"../../../Engine/Content/EngineResources/DefaultTextureCube.uasset" 75
"../../../Engine/Content/EngineResources/DefaultTextureCube.uexp" 76
"../../../Engine/Content/EngineResources/DefaultVolumeTexture2D.uasset" 77
"../../../Engine/Content/EngineResources/DefaultVolumeTexture2D.uexp" 78
"../../../Engine/Content/EngineResources/DefaultVolumeTexture.uasset" 79
"../../../Engine/Content/EngineResources/DefaultVolumeTexture.uexp" 80
"../../../Engine/Plugins/Runtime/MeshModelingToolset/Content/Materials/M_DynamicMeshComponentVtxColor.uasset" 81
"../../../Engine/Plugins/Runtime/MeshModelingToolset/Content/Materials/M_DynamicMeshComponentVtxColor.uexp" 82
"../../../Engine/Plugins/Runtime/HairStrands/Content/Materials/HairMeshesDefaultMaterial.uasset" 83
"../../../Engine/Plugins/Runtime/HairStrands/Content/Materials/HairMeshesDefaultMaterial.uexp" 84
"../../../Engine/Plugins/Runtime/HairStrands/Content/Materials/HairDefaultMaterial.uasset" 85
"../../../Engine/Plugins/Runtime/HairStrands/Content/Materials/HairDefaultMaterial.uexp" 86
"../../../Engine/Plugins/Runtime/HairStrands/Content/Materials/HairGroupColors.uasset" 87
"../../../Engine/Plugins/Runtime/HairStrands/Content/Materials/HairGroupColors.uexp" 88
"../../../Engine/Content/Functions/Engine_MaterialFunctions02/Utility/MakeFloat2.uasset" 89
"../../../Engine/Content/Functions/Engine_MaterialFunctions02/Utility/MakeFloat2.uexp" 90
"../../../Engine/Content/Functions/Engine_MaterialFunctions02/Utility/MakeFloat3.uasset" 91
"../../../Engine/Content/Functions/Engine_MaterialFunctions02/Utility/MakeFloat3.uexp" 92
"../../../Engine/Content/EngineMaterials/HairColorMap.uasset" 93
"../../../Engine/Content/EngineMaterials/HairColorMap.uexp" 94
"../../../Engine/Content/EngineMaterials/HairDebugColor.uasset" 95
"../../../Engine/Content/EngineMaterials/HairDebugColor.uexp" 96
"../../../Engine/Plugins/Runtime/HairStrands/Content/Materials/HairDebugMaterial.uasset" 97
"../../../Engine/Plugins/Runtime/HairStrands/Content/Materials/HairDebugMaterial.uexp" 98
"../../../Engine/Plugins/Runtime/HairStrands/Content/Materials/HairCardsDefaultMaterial.uasset" 99
"../../../Engine/Plugins/Runtime/HairStrands/Content/Materials/HairCardsDefaultMaterial.uexp" 100
"../../../Engine/Plugins/Runtime/AudioWidgets/Content/Resources/ScrubHandleDown_Clamped.uasset" 101
"../../../Engine/Plugins/Runtime/AudioWidgets/Content/Resources/ScrubHandleDown_Clamped.uexp" 102
"../../../Engine/Plugins/Interchange/Assets/Content/Functions/MX_UsdPreviewSurface.uasset" 103
"../../../Engine/Plugins/Interchange/Assets/Content/Functions/MX_UsdPreviewSurface.uexp" 104
"../../../Engine/Plugins/Interchange/Assets/Content/Functions/MX_UniformEDF.uasset" 105
"../../../Engine/Plugins/Interchange/Assets/Content/Functions/MX_UniformEDF.uexp" 106
"../../../Engine/Plugins/Interchange/Assets/Content/Functions/MX_TranslucentBSDF.uasset" 107
"../../../Engine/Plugins/Interchange/Assets/Content/Functions/MX_TranslucentBSDF.uexp" 108
"../../../Engine/Plugins/Interchange/Assets/Content/Functions/MX_ThinFilmBSDF.uasset" 109
"../../../Engine/Plugins/Interchange/Assets/Content/Functions/MX_ThinFilmBSDF.uexp" 110
"../../../Engine/Plugins/Interchange/Assets/Content/Functions/MX_SurfaceUnlit.uasset" 111
"../../../Engine/Plugins/Interchange/Assets/Content/Functions/MX_SurfaceUnlit.uexp" 112
"../../../Engine/Plugins/Interchange/Assets/Content/Functions/MX_Surface.uasset" 113
"../../../Engine/Plugins/Interchange/Assets/Content/Functions/MX_Surface.uexp" 114
"../../../Engine/Plugins/Interchange/Assets/Content/Functions/MX_SubsurfaceBSDF.uasset" 115
"../../../Engine/Plugins/Interchange/Assets/Content/Functions/MX_SubsurfaceBSDF.uexp" 116
"../../../Engine/Plugins/Interchange/Assets/Content/Functions/MX_SheenBSDF.uasset" 117
"../../../Engine/Plugins/Interchange/Assets/Content/Functions/MX_SheenBSDF.uexp" 118
"../../../Engine/Plugins/Interchange/Assets/Content/Functions/MX_OrenNayarBSDF.uasset" 119
"../../../Engine/Plugins/Interchange/Assets/Content/Functions/MX_OrenNayarBSDF.uexp" 120
"../../../Engine/Plugins/Interchange/Assets/Content/Utilities/New_LUT.uasset" 121
"../../../Engine/Plugins/Interchange/Assets/Content/Utilities/New_LUT.uexp" 122
"../../../Engine/Content/Functions/Engine_MaterialFunctions03/Math/RemapValueRange.uasset" 123
"../../../Engine/Content/Functions/Engine_MaterialFunctions03/Math/RemapValueRange.uexp" 124
"../../../Engine/Plugins/Interchange/Assets/Content/Functions/MF_Iridescence.uasset" 125
"../../../Engine/Plugins/Interchange/Assets/Content/Functions/MF_Iridescence.uexp" 126
"../../../Engine/Plugins/Interchange/Assets/Content/Functions/MX_StandardSurface.uasset" 127
"../../../Engine/Plugins/Interchange/Assets/Content/Functions/MX_StandardSurface.uexp" 128
"../../../Engine/Plugins/Interchange/Assets/Content/Functions/MX_TransmissionSurface.uasset" 129
"../../../Engine/Plugins/Interchange/Assets/Content/Functions/MX_TransmissionSurface.uexp" 130
"../../../Engine/Plugins/Interchange/Assets/Content/Functions/MX_OpenPBR_Translucent.uasset" 131
"../../../Engine/Plugins/Interchange/Assets/Content/Functions/MX_OpenPBR_Translucent.uexp" 132
"../../../Engine/Plugins/Interchange/Assets/Content/Functions/MX_OpenPBR_Opaque.uasset" 133
"../../../Engine/Plugins/Interchange/Assets/Content/Functions/MX_OpenPBR_Opaque.uexp" 134
"../../../Engine/Plugins/Interchange/Assets/Content/Functions/MX_MeasuredEDF.uasset" 135
"../../../Engine/Plugins/Interchange/Assets/Content/Functions/MX_MeasuredEDF.uexp" 136
"../../../Engine/Plugins/Interchange/Assets/Content/Functions/MX_GeneralizedSchlickBSDF.uasset" 137
"../../../Engine/Plugins/Interchange/Assets/Content/Functions/MX_GeneralizedSchlickBSDF.uexp" 138
"../../../Engine/Plugins/Interchange/Assets/Content/Functions/MX_DielectricBSDF.uasset" 139
"../../../Engine/Plugins/Interchange/Assets/Content/Functions/MX_DielectricBSDF.uexp" 140
"../../../Engine/Plugins/Interchange/Assets/Content/Functions/MX_ConicalEDF.uasset" 141
"../../../Engine/Plugins/Interchange/Assets/Content/Functions/MX_ConicalEDF.uexp" 142
"../../../Engine/Plugins/Interchange/Assets/Content/Functions/MX_ConductorBSDF.uasset" 143
"../../../Engine/Plugins/Interchange/Assets/Content/Functions/MX_ConductorBSDF.uexp" 144
"../../../Engine/Plugins/Interchange/Assets/Content/Functions/MX_BurleyDiffuseBSDF.uasset" 145
"../../../Engine/Plugins/Interchange/Assets/Content/Functions/MX_BurleyDiffuseBSDF.uexp" 146
"../../../Engine/Plugins/Interchange/Assets/Content/Functions/MX_AnisotropicVDF.uasset" 147
"../../../Engine/Plugins/Interchange/Assets/Content/Functions/MX_AnisotropicVDF.uexp" 148
"../../../Engine/Plugins/Interchange/Assets/Content/Functions/MX_AbsorptionVDF.uasset" 149
"../../../Engine/Plugins/Interchange/Assets/Content/Functions/MX_AbsorptionVDF.uexp" 150
"../../../Engine/Plugins/Editor/SpeedTreeImporter/Content/SpeedTree9/game_wind_noise.ubulk" 151
"../../../Engine/Plugins/Editor/SpeedTreeImporter/Content/SpeedTree9/game_wind_noise.uasset" 152
"../../../Engine/Plugins/Editor/SpeedTreeImporter/Content/SpeedTree9/game_wind_noise.uexp" 153
"../../../Engine/Plugins/Editor/SpeedTreeImporter/Content/SpeedTree9/UnpackDirection.uasset" 154
"../../../Engine/Plugins/Editor/SpeedTreeImporter/Content/SpeedTree9/UnpackDirection.uexp" 155
"../../../Engine/Content/Functions/Engine_MaterialFunctions02/ObjectLocalBounds.uasset" 156
"../../../Engine/Content/Functions/Engine_MaterialFunctions02/ObjectLocalBounds.uexp" 157
"../../../Engine/Content/Functions/Engine_MaterialFunctions02/Utility/BreakOutFloat3Components.uasset" 158
"../../../Engine/Content/Functions/Engine_MaterialFunctions02/Utility/BreakOutFloat3Components.uexp" 159
"../../../Engine/Content/Functions/Engine_MaterialFunctions02/UVs/BoundingBoxBased_0-1_UVW.uasset" 160
"../../../Engine/Content/Functions/Engine_MaterialFunctions02/UVs/BoundingBoxBased_0-1_UVW.uexp" 161
"../../../Engine/Content/Functions/Engine_MaterialFunctions02/Utility/VectorLength.uasset" 162
"../../../Engine/Content/Functions/Engine_MaterialFunctions02/Utility/VectorLength.uexp" 163
"../../../Engine/Plugins/Editor/SpeedTreeImporter/Content/SpeedTree9/UnpackInteger3.uasset" 164
"../../../Engine/Plugins/Editor/SpeedTreeImporter/Content/SpeedTree9/UnpackInteger3.uexp" 165
"../../../Engine/Plugins/Editor/SpeedTreeImporter/Content/SpeedTree9/SpeedTreeCameraFacing.uasset" 166
"../../../Engine/Plugins/Editor/SpeedTreeImporter/Content/SpeedTree9/SpeedTreeCameraFacing.uexp" 167
"../../../Engine/Content/Functions/Engine_MaterialFunctions02/WorldPositionOffset/ObjectScale.uasset" 168
"../../../Engine/Content/Functions/Engine_MaterialFunctions02/WorldPositionOffset/ObjectScale.uexp" 169
"../../../Engine/Content/Functions/Engine_MaterialFunctions02/SafeNormalize.uasset" 170
"../../../Engine/Content/Functions/Engine_MaterialFunctions02/SafeNormalize.uexp" 171
"../../../Engine/Plugins/Editor/SpeedTreeImporter/Content/SpeedTree9/SpeedTreeWindMotion.uasset" 172
"../../../Engine/Plugins/Editor/SpeedTreeImporter/Content/SpeedTree9/SpeedTreeWindMotion.uexp" 173
"../../../Engine/Plugins/Editor/SpeedTreeImporter/Content/SpeedTree9/SpeedTreeBranchMotion.uasset" 174
"../../../Engine/Plugins/Editor/SpeedTreeImporter/Content/SpeedTree9/SpeedTreeBranchMotion.uexp" 175
"../../../Engine/Plugins/Editor/SpeedTreeImporter/Content/SpeedTree9/SpeedTreeWind.uasset" 176
"../../../Engine/Plugins/Editor/SpeedTreeImporter/Content/SpeedTree9/SpeedTreeWind.uexp" 177
"../../../Engine/Plugins/Editor/SpeedTreeImporter/Content/SpeedTree9/EmptyNormal.uasset" 178
"../../../Engine/Plugins/Editor/SpeedTreeImporter/Content/SpeedTree9/EmptyNormal.uexp" 179
"../../../Engine/Plugins/Editor/SpeedTreeImporter/Content/SpeedTree9/Empty.uasset" 180
"../../../Engine/Plugins/Editor/SpeedTreeImporter/Content/SpeedTree9/Empty.uexp" 181
"../../../Engine/Plugins/Editor/SpeedTreeImporter/Content/SpeedTree9/SpeedTreeMaster.uasset" 182
"../../../Engine/Plugins/Editor/SpeedTreeImporter/Content/SpeedTree9/SpeedTreeMaster.uexp" 183
"../../../Engine/Plugins/Editor/SpeedTreeImporter/Content/SpeedTree9/SpeedTreeBillboard.uasset" 184
"../../../Engine/Plugins/Editor/SpeedTreeImporter/Content/SpeedTree9/SpeedTreeBillboard.uexp" 185
"../../../Engine/Plugins/Editor/SpeedTreeImporter/Content/SpeedTree9/SpeedTreeBillboardMaster.uasset" 186
"../../../Engine/Plugins/Editor/SpeedTreeImporter/Content/SpeedTree9/SpeedTreeBillboardMaster.uexp" 187
"../../../Engine/Content/Functions/Engine_MaterialFunctions02/WorldPositionOffset/CameraOffset.uasset" 188
"../../../Engine/Content/Functions/Engine_MaterialFunctions02/WorldPositionOffset/CameraOffset.uexp" 189
"../../../Engine/Plugins/Animation/ControlRig/Content/M_Manip.uasset" 190
"../../../Engine/Plugins/Animation/ControlRig/Content/M_Manip.uexp" 191
"../../../Engine/Plugins/Animation/ControlRig/Content/Controls/ControlRigXRayMaterial.uasset" 192
"../../../Engine/Plugins/Animation/ControlRig/Content/Controls/ControlRigXRayMaterial.uexp" 193
"../../../Engine/Plugins/Animation/ControlRig/Content/Controls/ControlRigGizmoMaterial.uasset" 194
"../../../Engine/Plugins/Animation/ControlRig/Content/Controls/ControlRigGizmoMaterial.uexp" 195
"../../../Engine/Content/EngineResources/GradientTexture0.uasset" 196
"../../../Engine/Content/EngineResources/GradientTexture0.uexp" 197
"../../../Engine/Content/EngineResources/Black.uasset" 198
"../../../Engine/Content/EngineResources/Black.uexp" 199
"../../../Engine/Content/EngineMaterials/RemoveSurfaceMaterial.uasset" 200
"../../../Engine/Content/EngineMaterials/RemoveSurfaceMaterial.uexp" 201
"../../../Engine/Content/EngineMaterials/PreintegratedSkinBRDF.uasset" 202
"../../../Engine/Content/EngineMaterials/PreintegratedSkinBRDF.uexp" 203
"../../../Engine/Content/EngineMaterials/DefaultCalibrationGrayscale.uasset" 204
"../../../Engine/Content/EngineMaterials/DefaultCalibrationGrayscale.uexp" 205
"../../../Engine/Content/EngineMaterials/PPM_DefaultCalibrationGrayscale.uasset" 206
"../../../Engine/Content/EngineMaterials/PPM_DefaultCalibrationGrayscale.uexp" 207
"../../../Engine/Content/EngineMaterials/DefaultCalibrationColor.uasset" 208
"../../../Engine/Content/EngineMaterials/DefaultCalibrationColor.uexp" 209
"../../../Engine/Content/EngineMaterials/PPM_DefaultCalibrationColor.uasset" 210
"../../../Engine/Content/EngineMaterials/PPM_DefaultCalibrationColor.uexp" 211
"../../../Engine/Content/EngineMaterials/PhAT_JointLimitMaterial.uasset" 212
"../../../Engine/Content/EngineMaterials/PhAT_JointLimitMaterial.uexp" 213
"../../../Engine/Content/EngineMaterials/NaniteHiddenSectionMaterial.uasset" 214
"../../../Engine/Content/EngineMaterials/NaniteHiddenSectionMaterial.uexp" 215
"../../../Engine/Content/EngineMaterials/InvalidLightmapSettings.ubulk" 216
"../../../Engine/Content/EngineMaterials/InvalidLightmapSettings.uasset" 217
"../../../Engine/Content/EngineMaterials/InvalidLightmapSettings.uexp" 218
"../../../Engine/Content/EngineMaterials/M_InvalidLightmapSettings.uasset" 219
"../../../Engine/Content/EngineMaterials/M_InvalidLightmapSettings.uexp" 220
"../../../Engine/Content/EngineMaterials/MiniFont.uasset" 221
"../../../Engine/Content/EngineMaterials/MiniFont.uexp" 222
"../../../Engine/Content/EngineMaterials/GizmoMaterial.uasset" 223
"../../../Engine/Content/EngineMaterials/GizmoMaterial.uexp" 224
"../../../Engine/Content/EngineMaterials/BaseFlattenEmissiveMap_VT.uasset" 225
"../../../Engine/Content/EngineMaterials/BaseFlattenEmissiveMap_VT.uexp" 226
"../../../Engine/Content/EngineMaterials/BaseFlattenGrayscaleMap_VT.uasset" 227
"../../../Engine/Content/EngineMaterials/BaseFlattenGrayscaleMap_VT.uexp" 228
"../../../Engine/Content/EngineMaterials/BaseFlattenLinearColor_VT.uasset" 229
"../../../Engine/Content/EngineMaterials/BaseFlattenLinearColor_VT.uexp" 230
"../../../Engine/Content/EngineMaterials/Black_1x1_EXR_Texture_VT.uasset" 231
"../../../Engine/Content/EngineMaterials/Black_1x1_EXR_Texture_VT.uexp" 232
"../../../Engine/Content/EngineMaterials/BaseFlattenDiffuseMap_VT.uasset" 233
"../../../Engine/Content/EngineMaterials/BaseFlattenDiffuseMap_VT.uexp" 234
"../../../Engine/Content/EngineMaterials/BaseFlattenNormalMap_VT.uasset" 235
"../../../Engine/Content/EngineMaterials/BaseFlattenNormalMap_VT.uexp" 236
"../../../Engine/Content/EngineMaterials/FlattenMaterial_WS_Normal_VT.uasset" 237
"../../../Engine/Content/EngineMaterials/FlattenMaterial_WS_Normal_VT.uexp" 238
"../../../Engine/Content/EngineMaterials/FlattenMaterial_VT.uasset" 239
"../../../Engine/Content/EngineMaterials/FlattenMaterial_VT.uexp" 240
"../../../Engine/Content/EngineMaterials/BaseFlattenNormalMap.uasset" 241
"../../../Engine/Content/EngineMaterials/BaseFlattenNormalMap.uexp" 242
"../../../Engine/Content/EngineMaterials/BaseFlattenGrayscaleMap.uasset" 243
"../../../Engine/Content/EngineMaterials/BaseFlattenGrayscaleMap.uexp" 244
"../../../Engine/Content/EngineMaterials/BaseFlattenDiffuseMap.uasset" 245
"../../../Engine/Content/EngineMaterials/BaseFlattenDiffuseMap.uexp" 246
"../../../Engine/Content/Functions/Engine_MaterialFunctions02/PivotPainter2/Black_1x1_EXR_Texture.uasset" 247
"../../../Engine/Content/Functions/Engine_MaterialFunctions02/PivotPainter2/Black_1x1_EXR_Texture.uexp" 248
"../../../Engine/Content/EngineMaterials/BaseFlattenEmissiveMap.uasset" 249
"../../../Engine/Content/EngineMaterials/BaseFlattenEmissiveMap.uexp" 250
"../../../Engine/Content/EngineMaterials/BaseFlattenLinearColor.uasset" 251
"../../../Engine/Content/EngineMaterials/BaseFlattenLinearColor.uexp" 252
"../../../Engine/Content/EngineMaterials/FlattenMaterial.uasset" 253
"../../../Engine/Content/EngineMaterials/FlattenMaterial.uexp" 254
"../../../Engine/Content/EngineMaterials/FastBlueNoise_vec2_128x128x64.uasset" 255
"../../../Engine/Content/EngineMaterials/FastBlueNoise_vec2_128x128x64.uexp" 256
"../../../Engine/Content/EngineMaterials/FastBlueNoise_scalar_128x128x64.uasset" 257
"../../../Engine/Content/EngineMaterials/FastBlueNoise_scalar_128x128x64.uexp" 258
"../../../Engine/Content/EngineMaterials/DefaultWhiteGrid_Low.uasset" 259
"../../../Engine/Content/EngineMaterials/DefaultWhiteGrid_Low.uexp" 260
"../../../Engine/Content/EngineMaterials/EmissiveMeshMaterial.uasset" 261
"../../../Engine/Content/EngineMaterials/EmissiveMeshMaterial.uexp" 262
"../../../Engine/Content/EngineMaterials/DefaultWhiteGrid.ubulk" 263
"../../../Engine/Content/EngineMaterials/DefaultWhiteGrid.uasset" 264
"../../../Engine/Content/EngineMaterials/DefaultWhiteGrid.uexp" 265
"../../../Engine/Content/EngineFonts/RobotoDistanceField.uasset" 266
"../../../Engine/Content/EngineFonts/RobotoDistanceField.uexp" 267
"../../../Engine/Content/EngineMaterials/DefaultTextMaterialOpaque.uasset" 268
"../../../Engine/Content/EngineMaterials/DefaultTextMaterialOpaque.uexp" 269
"../../../Engine/Content/EngineMaterials/DefaultDiffuse.ubulk" 270
"../../../Engine/Content/EngineMaterials/DefaultDiffuse.uasset" 271
"../../../Engine/Content/EngineMaterials/DefaultDiffuse.uexp" 272
"../../../Engine/Content/Functions/Engine_MaterialFunctions02/Utility/BreakOutFloat2Components.uasset" 273
"../../../Engine/Content/Functions/Engine_MaterialFunctions02/Utility/BreakOutFloat2Components.uexp" 274
"../../../Engine/Content/EngineMaterials/DefaultPostProcessMaterial.uasset" 275
"../../../Engine/Content/EngineMaterials/DefaultPostProcessMaterial.uexp" 276
"../../../Engine/Content/EngineMaterials/DefaultLightFunctionMaterial.uasset" 277
"../../../Engine/Content/EngineMaterials/DefaultLightFunctionMaterial.uexp" 278
"../../../Engine/Content/EngineMaterials/DefaultDeferredDecalMaterial.uasset" 279
"../../../Engine/Content/EngineMaterials/DefaultDeferredDecalMaterial.uexp" 280
"../../../Engine/Content/EngineMaterials/DefaultBokeh.uasset" 281
"../../../Engine/Content/EngineMaterials/DefaultBokeh.uexp" 282
"../../../Engine/Content/EngineMaterials/DefaultBloomKernel.uasset" 283
"../../../Engine/Content/EngineMaterials/DefaultBloomKernel.uexp" 284
"../../../Engine/Content/Functions/Engine_MaterialFunctions02/Utility/CameraDirectionVector.uasset" 285
"../../../Engine/Content/Functions/Engine_MaterialFunctions02/Utility/CameraDirectionVector.uexp" 286
"../../../Engine/Content/EngineDebugMaterials/VolumeToRender.uasset" 287
"../../../Engine/Content/EngineDebugMaterials/VolumeToRender.uexp" 288
"../../../Engine/Content/EngineDebugMaterials/M_VolumeRenderSphereTracePP.uasset" 289
"../../../Engine/Content/EngineDebugMaterials/M_VolumeRenderSphereTracePP.uexp" 290
"../../../Engine/Content/EngineDebugMaterials/M_SimpleUnlitTranslucent.uasset" 291
"../../../Engine/Content/EngineDebugMaterials/M_SimpleUnlitTranslucent.uexp" 292
"../../../Engine/Content/EngineDebugMaterials/DebugMeshMaterial.uasset" 293
"../../../Engine/Content/EngineDebugMaterials/DebugMeshMaterial.uexp" 294
"../../../Engine/Content/EngineDebugMaterials/DebugEditorMaterial.uasset" 295
"../../../Engine/Content/EngineDebugMaterials/DebugEditorMaterial.uexp" 296
"../../../Engine/Content/EngineDamageTypes/DmgTypeBP_Environmental.uasset" 297
"../../../Engine/Content/EngineDamageTypes/DmgTypeBP_Environmental.uexp" 298
"../../../Engine/Content/EditorResources/S_TriggerSphere.uasset" 299
"../../../Engine/Content/EditorResources/S_TriggerSphere.uexp" 300
"../../../Engine/Content/EditorResources/S_TriggerCapsule.uasset" 301
"../../../Engine/Content/EditorResources/S_TriggerCapsule.uexp" 302
"../../../Engine/Content/EditorResources/S_TriggerBox.uasset" 303
"../../../Engine/Content/EditorResources/S_TriggerBox.uexp" 304
"../../../Engine/Content/EditorResources/S_Trigger.ubulk" 305
"../../../Engine/Content/EditorResources/S_Trigger.uasset" 306
"../../../Engine/Content/EditorResources/S_Trigger.uexp" 307
"../../../Engine/Content/EditorResources/S_Terrain.ubulk" 308
"../../../Engine/Content/EditorResources/S_Terrain.uasset" 309
"../../../Engine/Content/EditorResources/S_Terrain.uexp" 310
"../../../Engine/Content/EditorResources/S_Solver.ubulk" 311
"../../../Engine/Content/EditorResources/S_Solver.uasset" 312
"../../../Engine/Content/EditorResources/S_Solver.uexp" 313
"../../../Engine/Content/EditorResources/BSPVertex.uasset" 314
"../../../Engine/Content/EditorResources/BSPVertex.uexp" 315
"../../../Engine/Content/EditorMaterials/PreviewShadowIndicator.ubulk" 316
"../../../Engine/Content/EditorMaterials/PreviewShadowIndicator.uasset" 317
"../../../Engine/Content/EditorMaterials/PreviewShadowIndicator.uexp" 318
"../../../Engine/Content/EditorMaterials/PreviewShadowIndicatorMaterial.uasset" 319
"../../../Engine/Content/EditorMaterials/PreviewShadowIndicatorMaterial.uexp" 320
"../../../Engine/Content/EditorMaterials/PhAT_UnselectedMaterial.uasset" 321
"../../../Engine/Content/EditorMaterials/PhAT_UnselectedMaterial.uexp" 322
"../../../Engine/Content/EditorMaterials/PhAT_NoCollisionMaterial.uasset" 323
"../../../Engine/Content/EditorMaterials/PhAT_NoCollisionMaterial.uexp" 324
"../../../Engine/Content/EditorLandscapeResources/DefaultAlphaTexture.uasset" 325
"../../../Engine/Content/EditorLandscapeResources/DefaultAlphaTexture.uexp" 326
"../../../Engine/Content/BasicShapes/BasicShapeMaterial.uasset" 327
"../../../Engine/Content/BasicShapes/BasicShapeMaterial.uexp" 328
"C:/wkspaces/PointAndClick/Content/UI/Images/555555555555.uasset" 329
"C:/wkspaces/PointAndClick/Content/UI/Images/555555555555.uexp" 330
"C:/wkspaces/PointAndClick/Content/UI/Images/5555555555.uasset" 331
"C:/wkspaces/PointAndClick/Content/UI/Images/5555555555.uexp" 332
"C:/wkspaces/PointAndClick/Content/UI/Images/5555.uasset" 333
"C:/wkspaces/PointAndClick/Content/UI/Images/5555.uexp" 334
"C:/wkspaces/PointAndClick/Content/UI/Images/140618025949.uasset" 335
"C:/wkspaces/PointAndClick/Content/UI/Images/140618025949.uexp" 336
"C:/wkspaces/PointAndClick/Content/SFX/S_1.ubulk" 337
"C:/wkspaces/PointAndClick/Content/SFX/S_1.uasset" 338
"C:/wkspaces/PointAndClick/Content/SFX/S_1.uexp" 339
"C:/wkspaces/PointAndClick/Content/UI/Base/WBP_Message.uasset" 340
"C:/wkspaces/PointAndClick/Content/UI/Base/WBP_Message.uexp" 341
"C:/wkspaces/PointAndClick/Content/SFX/S_Level_1.ubulk" 342
"C:/wkspaces/PointAndClick/Content/SFX/S_Level_1.uasset" 343
"C:/wkspaces/PointAndClick/Content/SFX/S_Level_1.uexp" 344
"C:/wkspaces/PointAndClick/Content/UI/Images/Room_1.uasset" 345
"C:/wkspaces/PointAndClick/Content/UI/Images/Room_1.uexp" 346
"C:/wkspaces/PointAndClick/Content/Interfaces/BPI_Main.uasset" 347
"C:/wkspaces/PointAndClick/Content/Interfaces/BPI_Main.uexp" 348
"C:/wkspaces/PointAndClick/Content/UI/Images/Paint3.uasset" 349
"C:/wkspaces/PointAndClick/Content/UI/Images/Paint3.uexp" 350
"../../../Engine/Content/EngineResources/AICON-Green.uasset" 351
"../../../Engine/Content/EngineResources/AICON-Green.uexp" 352
"C:/wkspaces/PointAndClick/Content/UI/Images/555555555.uasset" 353
"C:/wkspaces/PointAndClick/Content/UI/Images/555555555.uexp" 354
"C:/wkspaces/PointAndClick/Content/UI/Images/Notes/Sol.uasset" 355
"C:/wkspaces/PointAndClick/Content/UI/Images/Notes/Sol.uexp" 356
"C:/wkspaces/PointAndClick/Content/UI/Images/tape.uasset" 357
"C:/wkspaces/PointAndClick/Content/UI/Images/tape.uexp" 358
"C:/wkspaces/PointAndClick/Content/UI/Images/55555555555555.uasset" 359
"C:/wkspaces/PointAndClick/Content/UI/Images/55555555555555.uexp" 360
"C:/wkspaces/PointAndClick/Content/UI/Images/Instrument.uasset" 361
"C:/wkspaces/PointAndClick/Content/UI/Images/Instrument.uexp" 362
"C:/wkspaces/PointAndClick/Content/UI/Images/5555555555555.uasset" 363
"C:/wkspaces/PointAndClick/Content/UI/Images/5555555555555.uexp" 364
"C:/wkspaces/PointAndClick/Content/UI/Images/555555.uasset" 365
"C:/wkspaces/PointAndClick/Content/UI/Images/555555.uexp" 366
"C:/wkspaces/PointAndClick/Content/UI/Images/Paint4.uasset" 367
"C:/wkspaces/PointAndClick/Content/UI/Images/Paint4.uexp" 368
"C:/wkspaces/PointAndClick/Content/UI/Images/Notes/Fa.uasset" 369
"C:/wkspaces/PointAndClick/Content/UI/Images/Notes/Fa.uexp" 370
"C:/wkspaces/PointAndClick/Content/UI/Images/55.uasset" 371
"C:/wkspaces/PointAndClick/Content/UI/Images/55.uexp" 372
"C:/wkspaces/PointAndClick/Content/UI/Images/Notes/NoteCode.uasset" 373
"C:/wkspaces/PointAndClick/Content/UI/Images/Notes/NoteCode.uexp" 374
"C:/wkspaces/PointAndClick/Content/UI/Images/2222.uasset" 375
"C:/wkspaces/PointAndClick/Content/UI/Images/2222.uexp" 376
"C:/wkspaces/PointAndClick/Content/UI/Images/Notes/Mi.uasset" 377
"C:/wkspaces/PointAndClick/Content/UI/Images/Notes/Mi.uexp" 378
"C:/wkspaces/PointAndClick/Content/UI/Images/Notes/Si.uasset" 379
"C:/wkspaces/PointAndClick/Content/UI/Images/Notes/Si.uexp" 380
"C:/wkspaces/PointAndClick/Content/UI/Images/Paint2.uasset" 381
"C:/wkspaces/PointAndClick/Content/UI/Images/Paint2.uexp" 382
"C:/wkspaces/PointAndClick/Content/UI/Images/wires.uasset" 383
"C:/wkspaces/PointAndClick/Content/UI/Images/wires.uexp" 384
"C:/wkspaces/PointAndClick/Content/UI/Images/Paint1.uasset" 385
"C:/wkspaces/PointAndClick/Content/UI/Images/Paint1.uexp" 386
"C:/wkspaces/PointAndClick/Content/UI/Images/Notes/Re.uasset" 387
"C:/wkspaces/PointAndClick/Content/UI/Images/Notes/Re.uexp" 388
"C:/wkspaces/PointAndClick/Content/Data/Struct/STR_ItemInfo.uasset" 389
"C:/wkspaces/PointAndClick/Content/Data/Struct/STR_ItemInfo.uexp" 390
"C:/wkspaces/PointAndClick/Content/UI/Images/Notes/NoteGrammar.uasset" 391
"C:/wkspaces/PointAndClick/Content/UI/Images/Notes/NoteGrammar.uexp" 392
"C:/wkspaces/PointAndClick/Content/UI/Images/Poison.uasset" 393
"C:/wkspaces/PointAndClick/Content/UI/Images/Poison.uexp" 394
"C:/wkspaces/PointAndClick/Content/UI/Images/555.uasset" 395
"C:/wkspaces/PointAndClick/Content/UI/Images/555.uexp" 396
"C:/wkspaces/PointAndClick/Content/UI/Images/55555555.uasset" 397
"C:/wkspaces/PointAndClick/Content/UI/Images/55555555.uexp" 398
"C:/wkspaces/PointAndClick/Content/UI/Images/Notes/Lya.uasset" 399
"C:/wkspaces/PointAndClick/Content/UI/Images/Notes/Lya.uexp" 400
"C:/wkspaces/PointAndClick/Content/UI/Images/55555555555.uasset" 401
"C:/wkspaces/PointAndClick/Content/UI/Images/55555555555.uexp" 402
"C:/wkspaces/PointAndClick/Content/UI/Images/5555555.uasset" 403
"C:/wkspaces/PointAndClick/Content/UI/Images/5555555.uexp" 404
"C:/wkspaces/PointAndClick/Content/UI/Images/3333.uasset" 405
"C:/wkspaces/PointAndClick/Content/UI/Images/3333.uexp" 406
"C:/wkspaces/PointAndClick/Content/UI/Images/Notes/Do.uasset" 407
"C:/wkspaces/PointAndClick/Content/UI/Images/Notes/Do.uexp" 408
"C:/wkspaces/PointAndClick/Content/UI/Images/4444.uasset" 409
"C:/wkspaces/PointAndClick/Content/UI/Images/4444.uexp" 410
"C:/wkspaces/PointAndClick/Content/UI/Images/55555.uasset" 411
"C:/wkspaces/PointAndClick/Content/UI/Images/55555.uexp" 412
"C:/wkspaces/PointAndClick/Content/UI/Images/9.uasset" 413
"C:/wkspaces/PointAndClick/Content/UI/Images/9.uexp" 414
"C:/wkspaces/PointAndClick/Content/Data/DataTable/DT_ItemDataBase.uasset" 415
"C:/wkspaces/PointAndClick/Content/Data/DataTable/DT_ItemDataBase.uexp" 416
"C:/wkspaces/PointAndClick/Content/UI/Base/WBP_Item.uasset" 417
"C:/wkspaces/PointAndClick/Content/UI/Base/WBP_Item.uexp" 418
"C:/wkspaces/PointAndClick/Content/UI/Base/WBP_Inventory.uasset" 419
"C:/wkspaces/PointAndClick/Content/UI/Base/WBP_Inventory.uexp" 420
"C:/wkspaces/PointAndClick/Content/UI/Images/PaintPazzle_1.uasset" 421
"C:/wkspaces/PointAndClick/Content/UI/Images/PaintPazzle_1.uexp" 422
"C:/wkspaces/PointAndClick/Content/UI/Images/Cloack.uasset" 423
"C:/wkspaces/PointAndClick/Content/UI/Images/Cloack.uexp" 424
"C:/wkspaces/PointAndClick/Content/UI/Images/7.uasset" 425
"C:/wkspaces/PointAndClick/Content/UI/Images/7.uexp" 426
"C:/wkspaces/PointAndClick/Content/UI/Base/WBP_Pazzle.uasset" 427
"C:/wkspaces/PointAndClick/Content/UI/Base/WBP_Pazzle.uexp" 428
"C:/wkspaces/PointAndClick/Content/UI/Images/Gen.uasset" 429
"C:/wkspaces/PointAndClick/Content/UI/Images/Gen.uexp" 430
"C:/wkspaces/PointAndClick/Content/UI/GamePlayWIdgets/WBP_Level_1.uasset" 431
"C:/wkspaces/PointAndClick/Content/UI/GamePlayWIdgets/WBP_Level_1.uexp" 432
"C:/wkspaces/PointAndClick/Content/UI/Images/111.uasset" 433
"C:/wkspaces/PointAndClick/Content/UI/Images/111.uexp" 434
"C:/wkspaces/PointAndClick/Content/UI/Images/Lab.uasset" 435
"C:/wkspaces/PointAndClick/Content/UI/Images/Lab.uexp" 436
"C:/wkspaces/PointAndClick/Content/UI/Images/1111111.uasset" 437
"C:/wkspaces/PointAndClick/Content/UI/Images/1111111.uexp" 438
"C:/wkspaces/PointAndClick/Content/UI/Images/1111.uasset" 439
"C:/wkspaces/PointAndClick/Content/UI/Images/1111.uexp" 440
"C:/wkspaces/PointAndClick/Content/UI/Images/11.uasset" 441
"C:/wkspaces/PointAndClick/Content/UI/Images/11.uexp" 442
"C:/wkspaces/PointAndClick/Content/UI/Images/111111.uasset" 443
"C:/wkspaces/PointAndClick/Content/UI/Images/111111.uexp" 444
"C:/wkspaces/PointAndClick/Content/UI/Images/6490860c3a5311f0b622d60b04329523_1.ubulk" 445
"C:/wkspaces/PointAndClick/Content/UI/Images/6490860c3a5311f0b622d60b04329523_1.uasset" 446
"C:/wkspaces/PointAndClick/Content/UI/Images/6490860c3a5311f0b622d60b04329523_1.uexp" 447
"C:/wkspaces/PointAndClick/Content/UI/Images/Door2.uasset" 448
"C:/wkspaces/PointAndClick/Content/UI/Images/Door2.uexp" 449
"C:/wkspaces/PointAndClick/Content/UI/Images/123.uasset" 450
"C:/wkspaces/PointAndClick/Content/UI/Images/123.uexp" 451
"C:/wkspaces/PointAndClick/Content/UI/Images/11111.uasset" 452
"C:/wkspaces/PointAndClick/Content/UI/Images/11111.uexp" 453
"C:/wkspaces/PointAndClick/Content/UI/GamePlayWIdgets/WBP_Level_2.uasset" 454
"C:/wkspaces/PointAndClick/Content/UI/GamePlayWIdgets/WBP_Level_2.uexp" 455
"C:/wkspaces/PointAndClick/Content/SFX/S_3.ubulk" 456
"C:/wkspaces/PointAndClick/Content/SFX/S_3.uasset" 457
"C:/wkspaces/PointAndClick/Content/SFX/S_3.uexp" 458
"C:/wkspaces/PointAndClick/Content/UI/Images/Last.uasset" 459
"C:/wkspaces/PointAndClick/Content/UI/Images/Last.uexp" 460
"C:/wkspaces/PointAndClick/Content/SFX/point_and_clicker_acoustic.ubulk" 461
"C:/wkspaces/PointAndClick/Content/SFX/point_and_clicker_acoustic.uasset" 462
"C:/wkspaces/PointAndClick/Content/SFX/point_and_clicker_acoustic.uexp" 463
"C:/wkspaces/PointAndClick/Content/UI/Images/4e289d5f3a5511f0b622d60b04329523_1.ubulk" 464
"C:/wkspaces/PointAndClick/Content/UI/Images/4e289d5f3a5511f0b622d60b04329523_1.uasset" 465
"C:/wkspaces/PointAndClick/Content/UI/Images/4e289d5f3a5511f0b622d60b04329523_1.uexp" 466
"C:/wkspaces/PointAndClick/Content/UI/GamePlayWIdgets/WBP_Level_3.uasset" 467
"C:/wkspaces/PointAndClick/Content/UI/GamePlayWIdgets/WBP_Level_3.uexp" 468
"C:/wkspaces/PointAndClick/Content/UI/Base/WBP_Image.uasset" 469
"C:/wkspaces/PointAndClick/Content/UI/Base/WBP_Image.uexp" 470
"C:/wkspaces/PointAndClick/Content/Blueprints/core/BP_Pawn.uasset" 471
"C:/wkspaces/PointAndClick/Content/Blueprints/core/BP_Pawn.uexp" 472
"C:/wkspaces/PointAndClick/Content/Blueprints/core/BP_GameMode.uasset" 473
"C:/wkspaces/PointAndClick/Content/Blueprints/core/BP_GameMode.uexp" 474
"C:/wkspaces/PointAndClick/Content/Blueprints/core/BP_GameInstance.uasset" 475
"C:/wkspaces/PointAndClick/Content/Blueprints/core/BP_GameInstance.uexp" 476
"../../../Engine/Content/EngineResources/FilmGrains/Marcie_Grain_v3_128_M2_000.uasset" 477
"../../../Engine/Content/EngineResources/FilmGrains/Marcie_Grain_v3_128_M2_000.uexp" 478
"../../../Engine/Content/EngineMaterials/LTC/Sheen_LTC.uasset" 479
"../../../Engine/Content/EngineMaterials/LTC/Sheen_LTC.uexp" 480
"../../../Engine/Content/EngineMaterials/LTC/GGX_LTCMat.uasset" 481
"../../../Engine/Content/EngineMaterials/LTC/GGX_LTCMat.uexp" 482
"../../../Engine/Content/EngineMaterials/LTC/GGX_LTCAmp.uasset" 483
"../../../Engine/Content/EngineMaterials/LTC/GGX_LTCAmp.uexp" 484
"../../../Engine/Content/EngineMaterials/EnergyConservation/Sheen_Energy.uasset" 485
"../../../Engine/Content/EngineMaterials/EnergyConservation/Sheen_Energy.uexp" 486
"../../../Engine/Content/EngineMaterials/EnergyConservation/SheenLegacy_Energy.uasset" 487
"../../../Engine/Content/EngineMaterials/EnergyConservation/SheenLegacy_Energy.uexp" 488
"../../../Engine/Content/EngineMaterials/EnergyConservation/GGX_TransmissionEnergyArray.uasset" 489
"../../../Engine/Content/EngineMaterials/EnergyConservation/GGX_TransmissionEnergyArray.uexp" 490
"../../../Engine/Content/EngineMaterials/EnergyConservation/GGX_ReflectionEnergy.uasset" 491
"../../../Engine/Content/EngineMaterials/EnergyConservation/GGX_ReflectionEnergy.uexp" 492
"../../../Engine/Content/EngineMaterials/EnergyConservation/Diffuse_Energy.uasset" 493
"../../../Engine/Content/EngineMaterials/EnergyConservation/Diffuse_Energy.uexp" 494
"../../../Engine/Content/EditorResources/SequenceRecorder/RecordingIndicator.uasset" 495
"../../../Engine/Content/EditorResources/SequenceRecorder/RecordingIndicator.uexp" 496
"../../../Engine/Content/EditorResources/SequenceRecorder/Countdown.uasset" 497
"../../../Engine/Content/EditorResources/SequenceRecorder/Countdown.uexp" 498
"../../../Engine/Content/EditorMaterials/ParticleSystems/PSysThumbnail_OOD.ubulk" 499
"../../../Engine/Content/EditorMaterials/ParticleSystems/PSysThumbnail_OOD.uasset" 500
"../../../Engine/Content/EditorMaterials/ParticleSystems/PSysThumbnail_OOD.uexp" 501
"../../../Engine/Content/EditorMaterials/ParticleSystems/PSysThumbnail_NoImage.ubulk" 502
"../../../Engine/Content/EditorMaterials/ParticleSystems/PSysThumbnail_NoImage.uasset" 503
"../../../Engine/Content/EditorMaterials/ParticleSystems/PSysThumbnail_NoImage.uexp" 504
"../../../Engine/Content/EditorMaterials/Dataflow/DataflowVertexMaterial.uasset" 505
"../../../Engine/Content/EditorMaterials/Dataflow/DataflowVertexMaterial.uexp" 506
"../../../Engine/Content/EditorMaterials/Dataflow/DataflowTwoSidedVertexMaterial.uasset" 507
"../../../Engine/Content/EditorMaterials/Dataflow/DataflowTwoSidedVertexMaterial.uexp" 508
"../../../Engine/Content/Functions/Engine_MaterialFunctions01/Shading/PowerToRoughness.uasset" 509
"../../../Engine/Content/Functions/Engine_MaterialFunctions01/Shading/PowerToRoughness.uexp" 510
"../../../Engine/Content/Functions/Engine_MaterialFunctions01/Shading/ConvertFromDiffSpec.uasset" 511
"../../../Engine/Content/Functions/Engine_MaterialFunctions01/Shading/ConvertFromDiffSpec.uexp" 512
"../../../Engine/Content/EngineMaterials/Substrate/Volume/SubstrateSimpleVolumeLUT3D.uasset" 513
"../../../Engine/Content/EngineMaterials/Substrate/Volume/SubstrateSimpleVolumeLUT3D.uexp" 514
"../../../Engine/Content/EngineMaterials/Substrate/Volume/SubstrateSimpleVolumeEnvLUT3D.uasset" 515
"../../../Engine/Content/EngineMaterials/Substrate/Volume/SubstrateSimpleVolumeEnvLUT3D.uexp" 516
"../../../Engine/Content/EngineMaterials/Substrate/GLints2/AGlintTex2dArray2.uasset" 517
"../../../Engine/Content/EngineMaterials/Substrate/GLints2/AGlintTex2dArray2.uexp" 518
"../../../Engine/Content/EngineMaterials/Substrate/GLints/AGlintTex2dArray.uasset" 519
"../../../Engine/Content/EngineMaterials/Substrate/GLints/AGlintTex2dArray.uexp" 520
"../../../Engine/Content/EngineMaterials/WeightMapPlaceholderTexture.uasset" 521
"../../../Engine/Content/EngineMaterials/WeightMapPlaceholderTexture.uexp" 522
"../../../Engine/Content/EngineMaterials/WeightMapArrayPlaceholderTexture.uasset" 523
"../../../Engine/Content/EngineMaterials/WeightMapArrayPlaceholderTexture.uexp" 524
"../../../Engine/Plugins/NNE/NNEDenoiser/Content/NNEDIM_ColorAlbedoNormal_Alpha.uasset" 525
"../../../Engine/Plugins/NNE/NNEDenoiser/Content/NNEDIM_ColorAlbedoNormal_Alpha.uexp" 526
"../../../Engine/Plugins/NNE/NNEDenoiser/Content/NNEDIM_ColorAlbedoNormal_Default.uasset" 527
"../../../Engine/Plugins/NNE/NNEDenoiser/Content/NNEDIM_ColorAlbedoNormal_Default.uexp" 528
"../../../Engine/Plugins/NNE/NNEDenoiser/Content/NNEDIM_HighQuality_Alpha.uasset" 529
"../../../Engine/Plugins/NNE/NNEDenoiser/Content/NNEDIM_HighQuality_Alpha.uexp" 530
"../../../Engine/Plugins/NNE/NNEDenoiser/Content/NNEDIM_HighQuality_Default.uasset" 531
"../../../Engine/Plugins/NNE/NNEDenoiser/Content/NNEDIM_HighQuality_Default.uexp" 532
"../../../Engine/Plugins/NNE/NNEDenoiser/Content/NNEDOM_Output_Alpha.uasset" 533
"../../../Engine/Plugins/NNE/NNEDenoiser/Content/NNEDOM_Output_Alpha.uexp" 534
"../../../Engine/Plugins/NNE/NNEDenoiser/Content/NNEDOM_Output_Default.uasset" 535
"../../../Engine/Plugins/NNE/NNEDenoiser/Content/NNEDOM_Output_Default.uexp" 536
"../../../Engine/Plugins/NNE/NNEDenoiser/Content/NNEDTIM_ColorAlbedoNormal_Alpha.uasset" 537
"../../../Engine/Plugins/NNE/NNEDenoiser/Content/NNEDTIM_ColorAlbedoNormal_Alpha.uexp" 538
"../../../Engine/Plugins/NNE/NNEDenoiser/Content/NNEDTIM_ColorAlbedoNormal_Default.uasset" 539
"../../../Engine/Plugins/NNE/NNEDenoiser/Content/NNEDTIM_ColorAlbedoNormal_Default.uexp" 540
"../../../Engine/Plugins/NNE/NNEDenoiser/Content/NNEDTOM_Output_Alpha.uasset" 541
"../../../Engine/Plugins/NNE/NNEDenoiser/Content/NNEDTOM_Output_Alpha.uexp" 542
"../../../Engine/Plugins/NNE/NNEDenoiser/Content/NNEDTOM_Output_Default.uasset" 543
"../../../Engine/Plugins/NNE/NNEDenoiser/Content/NNEDTOM_Output_Default.uexp" 544
"../../../Engine/Content/EngineMeshes/Sphere.ubulk" 545
"../../../Engine/Content/EngineMeshes/Sphere.uasset" 546
"../../../Engine/Content/EngineMeshes/Sphere.uexp" 547
"../../../Engine/Content/VREditor/TransformGizmo/Main.uasset" 548
"../../../Engine/Content/VREditor/TransformGizmo/Main.uexp" 549
"../../../Engine/Content/VREditor/TransformGizmo/Xray.uasset" 550
"../../../Engine/Content/VREditor/TransformGizmo/Xray.uexp" 551
"../../../Engine/Content/VREditor/TransformGizmo/SM_Sequencer_Node.ubulk" 552
"../../../Engine/Content/VREditor/TransformGizmo/SM_Sequencer_Node.uasset" 553
"../../../Engine/Content/VREditor/TransformGizmo/SM_Sequencer_Node.uexp" 554
"../../../Engine/Content/EngineMaterials/T_Default_Material_Grid_M.ubulk" 555
"../../../Engine/Content/EngineMaterials/T_Default_Material_Grid_M.uasset" 556
"../../../Engine/Content/EngineMaterials/T_Default_Material_Grid_M.uexp" 557
"../../../Engine/Content/EngineMaterials/T_Default_Material_Grid_N.ubulk" 558
"../../../Engine/Content/EngineMaterials/T_Default_Material_Grid_N.uasset" 559
"../../../Engine/Content/EngineMaterials/T_Default_Material_Grid_N.uexp" 560
"../../../Engine/Content/Functions/Engine_MaterialFunctions01/Opacity/CameraDepthFade.uasset" 561
"../../../Engine/Content/Functions/Engine_MaterialFunctions01/Opacity/CameraDepthFade.uexp" 562
"../../../Engine/Content/EngineMaterials/WorldGridMaterial.uasset" 563
"../../../Engine/Content/EngineMaterials/WorldGridMaterial.uexp" 564
"../../../Engine/Content/ArtTools/RenderToTexture/Meshes/S_1_Unit_Plane.ubulk" 565
"../../../Engine/Content/ArtTools/RenderToTexture/Meshes/S_1_Unit_Plane.uasset" 566
"../../../Engine/Content/ArtTools/RenderToTexture/Meshes/S_1_Unit_Plane.uexp" 567
"../../../Engine/Content/EditorMaterials/Camera/CineMat.uasset" 568
"../../../Engine/Content/EditorMaterials/Camera/CineMat.uexp" 569
"../../../Engine/Content/EditorMaterials/Camera/MI_CineMat_Rig.uasset" 570
"../../../Engine/Content/EditorMaterials/Camera/MI_CineMat_Rig.uexp" 571
"../../../Engine/Content/EditorMeshes/Camera/SM_CraneRig_Arm.ubulk" 572
"../../../Engine/Content/EditorMeshes/Camera/SM_CraneRig_Arm.uasset" 573
"../../../Engine/Content/EditorMeshes/Camera/SM_CraneRig_Arm.uexp" 574
"../../../Engine/Content/EditorMeshes/Camera/SM_CraneRig_Base.ubulk" 575
"../../../Engine/Content/EditorMeshes/Camera/SM_CraneRig_Base.uasset" 576
"../../../Engine/Content/EditorMeshes/Camera/SM_CraneRig_Base.uexp" 577
"../../../Engine/Content/EditorMeshes/Camera/SM_CraneRig_Body.ubulk" 578
"../../../Engine/Content/EditorMeshes/Camera/SM_CraneRig_Body.uasset" 579
"../../../Engine/Content/EditorMeshes/Camera/SM_CraneRig_Body.uexp" 580
"../../../Engine/Content/EditorMeshes/Camera/SM_CraneRig_Mount.ubulk" 581
"../../../Engine/Content/EditorMeshes/Camera/SM_CraneRig_Mount.uasset" 582
"../../../Engine/Content/EditorMeshes/Camera/SM_CraneRig_Mount.uexp" 583
"../../../Engine/Content/EditorMeshes/Camera/SM_RailRig_Mount.ubulk" 584
"../../../Engine/Content/EditorMeshes/Camera/SM_RailRig_Mount.uasset" 585
"../../../Engine/Content/EditorMeshes/Camera/SM_RailRig_Mount.uexp" 586
"../../../Engine/Content/EditorMeshes/Camera/SM_RailRig_Track.ubulk" 587
"../../../Engine/Content/EditorMeshes/Camera/SM_RailRig_Track.uasset" 588
"../../../Engine/Content/EditorMeshes/Camera/SM_RailRig_Track.uexp" 589
"../../../Engine/Content/EngineSky/VolumetricClouds/T_CloudMask.ubulk" 590
"../../../Engine/Content/EngineSky/VolumetricClouds/T_CloudMask.uasset" 591
"../../../Engine/Content/EngineSky/VolumetricClouds/T_CloudMask.uexp" 592
"../../../Engine/Content/EngineSky/VolumetricClouds/VT_Lightning.uasset" 593
"../../../Engine/Content/EngineSky/VolumetricClouds/VT_Lightning.uexp" 594
"../../../Engine/Content/EngineSky/VolumetricClouds/T_Profile_08.ubulk" 595
"../../../Engine/Content/EngineSky/VolumetricClouds/T_Profile_08.uasset" 596
"../../../Engine/Content/EngineSky/VolumetricClouds/T_Profile_08.uexp" 597
"../../../Engine/Content/Functions/Engine_MaterialFunctions02/Utility/MakeFloat4.uasset" 598
"../../../Engine/Content/Functions/Engine_MaterialFunctions02/Utility/MakeFloat4.uexp" 599
"../../../Engine/Content/Functions/Engine_MaterialFunctions01/Units/Km-to-Cm.uasset" 600
"../../../Engine/Content/Functions/Engine_MaterialFunctions01/Units/Km-to-Cm.uexp" 601
"../../../Engine/Content/Functions/Engine_MaterialFunctions02/Utility/BreakOutFloat4Components.uasset" 602
"../../../Engine/Content/Functions/Engine_MaterialFunctions02/Utility/BreakOutFloat4Components.uexp" 603
"../../../Engine/Content/EngineSky/VolumetricClouds/T_CloudPattern.ubulk" 604
"../../../Engine/Content/EngineSky/VolumetricClouds/T_CloudPattern.uasset" 605
"../../../Engine/Content/EngineSky/VolumetricClouds/T_CloudPattern.uexp" 606
"../../../Engine/Content/EngineSky/VolumetricClouds/VT_PerlinWorley_Balanced.uasset" 607
"../../../Engine/Content/EngineSky/VolumetricClouds/VT_PerlinWorley_Balanced.uexp" 608
"../../../Engine/Content/EngineSky/VolumetricClouds/m_SimpleVolumetricCloud.uasset" 609
"../../../Engine/Content/EngineSky/VolumetricClouds/m_SimpleVolumetricCloud.uexp" 610
"../../../Engine/Content/EngineSky/VolumetricClouds/m_SimpleVolumetricCloud_Inst.uasset" 611
"../../../Engine/Content/EngineSky/VolumetricClouds/m_SimpleVolumetricCloud_Inst.uexp" 612
"../../../Engine/Content/VREditor/LaserPointer/VR_LaserPower_01.ubulk" 613
"../../../Engine/Content/VREditor/LaserPointer/VR_LaserPower_01.uasset" 614
"../../../Engine/Content/VREditor/LaserPointer/VR_LaserPower_01.uexp" 615
"../../../Engine/Content/VREditor/TransformGizmo/TransformGizmoMaterial.uasset" 616
"../../../Engine/Content/VREditor/TransformGizmo/TransformGizmoMaterial.uexp" 617
"../../../Engine/Content/VREditor/TransformGizmo/TranslucentTransformGizmoMaterial.uasset" 618
"../../../Engine/Content/VREditor/TransformGizmo/TranslucentTransformGizmoMaterial.uexp" 619
"../../../Engine/Content/VREditor/TransformGizmo/BoundingBoxCorner.ubulk" 620
"../../../Engine/Content/VREditor/TransformGizmo/BoundingBoxCorner.uasset" 621
"../../../Engine/Content/VREditor/TransformGizmo/BoundingBoxCorner.uexp" 622
"../../../Engine/Content/VREditor/TransformGizmo/BoundingBoxEdge.ubulk" 623
"../../../Engine/Content/VREditor/TransformGizmo/BoundingBoxEdge.uasset" 624
"../../../Engine/Content/VREditor/TransformGizmo/BoundingBoxEdge.uexp" 625
"../../../Engine/Content/Functions/Engine_MaterialFunctions02/Math/Transform3x3Matrix.uasset" 626
"../../../Engine/Content/Functions/Engine_MaterialFunctions02/Math/Transform3x3Matrix.uexp" 627
"../../../Engine/Plugins/Interchange/Assets/Content/gltf/Textures/T_White_srgb.uasset" 628
"../../../Engine/Plugins/Interchange/Assets/Content/gltf/Textures/T_White_srgb.uexp" 629
"../../../Engine/Plugins/Interchange/Assets/Content/gltf/MaterialFunctions/MF_Specular.uasset" 630
"../../../Engine/Plugins/Interchange/Assets/Content/gltf/MaterialFunctions/MF_Specular.uexp" 631
"../../../Engine/Plugins/Interchange/Assets/Content/gltf/Textures/T_Anisotropy_Direction_Linear.uasset" 632
"../../../Engine/Plugins/Interchange/Assets/Content/gltf/Textures/T_Anisotropy_Direction_Linear.uexp" 633
"../../../Engine/Plugins/Interchange/Assets/Content/gltf/MaterialFunctions/MF_SpecularAnisotropy.uasset" 634
"../../../Engine/Plugins/Interchange/Assets/Content/gltf/MaterialFunctions/MF_SpecularAnisotropy.uexp" 635
"../../../Engine/Plugins/Interchange/Assets/Content/gltf/Textures/T_White_Linear.uasset" 636
"../../../Engine/Plugins/Interchange/Assets/Content/gltf/Textures/T_White_Linear.uexp" 637
"../../../Engine/Plugins/Interchange/Assets/Content/gltf/MaterialFunctions/MF_MetallicRoughness.uasset" 638
"../../../Engine/Plugins/Interchange/Assets/Content/gltf/MaterialFunctions/MF_MetallicRoughness.uexp" 639
"../../../Engine/Plugins/Interchange/Assets/Content/gltf/Textures/T_Generic_N.uasset" 640
"../../../Engine/Plugins/Interchange/Assets/Content/gltf/Textures/T_Generic_N.uexp" 641
"../../../Engine/Plugins/Interchange/Assets/Content/gltf/MaterialFunctions/MF_ScaleNormal.uasset" 642
"../../../Engine/Plugins/Interchange/Assets/Content/gltf/MaterialFunctions/MF_ScaleNormal.uexp" 643
"../../../Engine/Plugins/Interchange/Assets/Content/gltf/MaterialFunctions/MF_BaseColor.uasset" 644
"../../../Engine/Plugins/Interchange/Assets/Content/gltf/MaterialFunctions/MF_BaseColor.uexp" 645
"../../../Engine/Plugins/Interchange/Assets/Content/gltf/MaterialFunctions/MF_Iridescence.uasset" 646
"../../../Engine/Plugins/Interchange/Assets/Content/gltf/MaterialFunctions/MF_Iridescence.uexp" 647
"../../../Engine/Plugins/Interchange/Assets/Content/gltf/MaterialFunctions/MF_Occlusion.uasset" 648
"../../../Engine/Plugins/Interchange/Assets/Content/gltf/MaterialFunctions/MF_Occlusion.uexp" 649
"../../../Engine/Plugins/Interchange/Assets/Content/gltf/MaterialFunctions/MF_IOR.uasset" 650
"../../../Engine/Plugins/Interchange/Assets/Content/gltf/MaterialFunctions/MF_IOR.uexp" 651
"../../../Engine/Plugins/Interchange/Assets/Content/gltf/MaterialFunctions/MF_RotateV2.uasset" 652
"../../../Engine/Plugins/Interchange/Assets/Content/gltf/MaterialFunctions/MF_RotateV2.uexp" 653
"../../../Engine/Plugins/Interchange/Assets/Content/gltf/MaterialFunctions/MF_TransformUVs.uasset" 654
"../../../Engine/Plugins/Interchange/Assets/Content/gltf/MaterialFunctions/MF_TransformUVs.uexp" 655
"../../../Engine/Plugins/Interchange/Assets/Content/gltf/MaterialFunctions/MF_Emissive.uasset" 656
"../../../Engine/Plugins/Interchange/Assets/Content/gltf/MaterialFunctions/MF_Emissive.uexp" 657
"../../../Engine/Plugins/Interchange/Assets/Content/gltf/MaterialFunctions/MF_RotateNormals_TS.uasset" 658
"../../../Engine/Plugins/Interchange/Assets/Content/gltf/MaterialFunctions/MF_RotateNormals_TS.uexp" 659
"../../../Engine/Plugins/Interchange/Assets/Content/gltf/MaterialFunctions/MF_Normals.uasset" 660
"../../../Engine/Plugins/Interchange/Assets/Content/gltf/MaterialFunctions/MF_Normals.uexp" 661
"../../../Engine/Content/Functions/Engine_MaterialFunctions01/Texturing/FlattenNormal.uasset" 662
"../../../Engine/Content/Functions/Engine_MaterialFunctions01/Texturing/FlattenNormal.uexp" 663
"../../../Engine/Plugins/Interchange/Assets/Content/gltf/MaterialFunctions/MF_Clearcoat.uasset" 664
"../../../Engine/Plugins/Interchange/Assets/Content/gltf/MaterialFunctions/MF_Clearcoat.uexp" 665
"../../../Engine/Plugins/Interchange/Assets/Content/gltf/MaterialBodies/MF_ClearCoat_Body.uasset" 666
"../../../Engine/Plugins/Interchange/Assets/Content/gltf/MaterialBodies/MF_ClearCoat_Body.uexp" 667
"../../../Engine/Plugins/Interchange/Assets/Content/gltf/M_ClearCoat.uasset" 668
"../../../Engine/Plugins/Interchange/Assets/Content/gltf/M_ClearCoat.uexp" 669
"../../../Engine/Plugins/Interchange/Assets/Content/gltf/MaterialInstances/MI_ClearCoat_Blend.uasset" 670
"../../../Engine/Plugins/Interchange/Assets/Content/gltf/MaterialInstances/MI_ClearCoat_Blend.uexp" 671
"../../../Engine/Plugins/Interchange/Assets/Content/gltf/MaterialInstances/MI_ClearCoat_Blend_DS.uasset" 672
"../../../Engine/Plugins/Interchange/Assets/Content/gltf/MaterialInstances/MI_ClearCoat_Blend_DS.uexp" 673
"../../../Engine/Plugins/Interchange/Assets/Content/gltf/MaterialInstances/MI_ClearCoat_Mask.uasset" 674
"../../../Engine/Plugins/Interchange/Assets/Content/gltf/MaterialInstances/MI_ClearCoat_Mask.uexp" 675
"../../../Engine/Plugins/Interchange/Assets/Content/gltf/MaterialInstances/MI_ClearCoat_Mask_DS.uasset" 676
"../../../Engine/Plugins/Interchange/Assets/Content/gltf/MaterialInstances/MI_ClearCoat_Mask_DS.uexp" 677
"../../../Engine/Plugins/Interchange/Assets/Content/gltf/MaterialInstances/MI_ClearCoat_Opaque.uasset" 678
"../../../Engine/Plugins/Interchange/Assets/Content/gltf/MaterialInstances/MI_ClearCoat_Opaque.uexp" 679
"../../../Engine/Plugins/Interchange/Assets/Content/gltf/MaterialInstances/MI_ClearCoat_Opaque_DS.uasset" 680
"../../../Engine/Plugins/Interchange/Assets/Content/gltf/MaterialInstances/MI_ClearCoat_Opaque_DS.uexp" 681
"../../../Engine/Plugins/Interchange/Assets/Content/gltf/MaterialBodies/MF_Default_Body.uasset" 682
"../../../Engine/Plugins/Interchange/Assets/Content/gltf/MaterialBodies/MF_Default_Body.uexp" 683
"../../../Engine/Plugins/Interchange/Assets/Content/gltf/M_Default.uasset" 684
"../../../Engine/Plugins/Interchange/Assets/Content/gltf/M_Default.uexp" 685
"../../../Engine/Plugins/Interchange/Assets/Content/gltf/MaterialInstances/MI_Default_Blend.uasset" 686
"../../../Engine/Plugins/Interchange/Assets/Content/gltf/MaterialInstances/MI_Default_Blend.uexp" 687
"../../../Engine/Plugins/Interchange/Assets/Content/gltf/MaterialInstances/MI_Default_Blend_DS.uasset" 688
"../../../Engine/Plugins/Interchange/Assets/Content/gltf/MaterialInstances/MI_Default_Blend_DS.uexp" 689
"../../../Engine/Plugins/Interchange/Assets/Content/gltf/MaterialInstances/MI_Default_Mask.uasset" 690
"../../../Engine/Plugins/Interchange/Assets/Content/gltf/MaterialInstances/MI_Default_Mask.uexp" 691
"../../../Engine/Plugins/Interchange/Assets/Content/gltf/MaterialInstances/MI_Default_Mask_DS.uasset" 692
"../../../Engine/Plugins/Interchange/Assets/Content/gltf/MaterialInstances/MI_Default_Mask_DS.uexp" 693
"../../../Engine/Plugins/Interchange/Assets/Content/gltf/MaterialInstances/MI_Default_Opaque.uasset" 694
"../../../Engine/Plugins/Interchange/Assets/Content/gltf/MaterialInstances/MI_Default_Opaque.uexp" 695
"../../../Engine/Plugins/Interchange/Assets/Content/gltf/MaterialInstances/MI_Default_Opaque_DS.uasset" 696
"../../../Engine/Plugins/Interchange/Assets/Content/gltf/MaterialInstances/MI_Default_Opaque_DS.uexp" 697
"../../../Engine/Plugins/Interchange/Assets/Content/gltf/MaterialFunctions/MF_Sheen.uasset" 698
"../../../Engine/Plugins/Interchange/Assets/Content/gltf/MaterialFunctions/MF_Sheen.uexp" 699
"../../../Engine/Plugins/Interchange/Assets/Content/gltf/MaterialBodies/MF_Sheen_Body.uasset" 700
"../../../Engine/Plugins/Interchange/Assets/Content/gltf/MaterialBodies/MF_Sheen_Body.uexp" 701
"../../../Engine/Plugins/Interchange/Assets/Content/gltf/M_Sheen.uasset" 702
"../../../Engine/Plugins/Interchange/Assets/Content/gltf/M_Sheen.uexp" 703
"../../../Engine/Plugins/Interchange/Assets/Content/gltf/MaterialInstances/MI_Sheen_Blend.uasset" 704
"../../../Engine/Plugins/Interchange/Assets/Content/gltf/MaterialInstances/MI_Sheen_Blend.uexp" 705
"../../../Engine/Plugins/Interchange/Assets/Content/gltf/MaterialInstances/MI_Sheen_Blend_DS.uasset" 706
"../../../Engine/Plugins/Interchange/Assets/Content/gltf/MaterialInstances/MI_Sheen_Blend_DS.uexp" 707
"../../../Engine/Plugins/Interchange/Assets/Content/gltf/MaterialInstances/MI_Sheen_Mask.uasset" 708
"../../../Engine/Plugins/Interchange/Assets/Content/gltf/MaterialInstances/MI_Sheen_Mask.uexp" 709
"../../../Engine/Plugins/Interchange/Assets/Content/gltf/MaterialInstances/MI_Sheen_Mask_DS.uasset" 710
"../../../Engine/Plugins/Interchange/Assets/Content/gltf/MaterialInstances/MI_Sheen_Mask_DS.uexp" 711
"../../../Engine/Plugins/Interchange/Assets/Content/gltf/MaterialInstances/MI_Sheen_Opaque.uasset" 712
"../../../Engine/Plugins/Interchange/Assets/Content/gltf/MaterialInstances/MI_Sheen_Opaque.uexp" 713
"../../../Engine/Plugins/Interchange/Assets/Content/gltf/MaterialInstances/MI_Sheen_Opaque_DS.uasset" 714
"../../../Engine/Plugins/Interchange/Assets/Content/gltf/MaterialInstances/MI_Sheen_Opaque_DS.uexp" 715
"../../../Engine/Content/Functions/Engine_MaterialFunctions02/Math/AddComponents.uasset" 716
"../../../Engine/Content/Functions/Engine_MaterialFunctions02/Math/AddComponents.uexp" 717
"../../../Engine/Plugins/Interchange/Assets/Content/gltf/MaterialFunctions/MF_DiffuseSpecGloss.uasset" 718
"../../../Engine/Plugins/Interchange/Assets/Content/gltf/MaterialFunctions/MF_DiffuseSpecGloss.uexp" 719
"../../../Engine/Plugins/Interchange/Assets/Content/gltf/MaterialFunctions/MF_PerceivedBrightness.uasset" 720
"../../../Engine/Plugins/Interchange/Assets/Content/gltf/MaterialFunctions/MF_PerceivedBrightness.uexp" 721
"../../../Engine/Plugins/Interchange/Assets/Content/gltf/MaterialFunctions/MF_SpecGlossToMetalRoughness.uasset" 722
"../../../Engine/Plugins/Interchange/Assets/Content/gltf/MaterialFunctions/MF_SpecGlossToMetalRoughness.uexp" 723
"../../../Engine/Plugins/Interchange/Assets/Content/gltf/MaterialFunctions/MF_MaxComponentValue.uasset" 724
"../../../Engine/Plugins/Interchange/Assets/Content/gltf/MaterialFunctions/MF_MaxComponentValue.uexp" 725
"../../../Engine/Plugins/Interchange/Assets/Content/gltf/MaterialBodies/MF_SpecularGlossiness_Body.uasset" 726
"../../../Engine/Plugins/Interchange/Assets/Content/gltf/MaterialBodies/MF_SpecularGlossiness_Body.uexp" 727
"../../../Engine/Plugins/Interchange/Assets/Content/gltf/M_SpecularGlossiness.uasset" 728
"../../../Engine/Plugins/Interchange/Assets/Content/gltf/M_SpecularGlossiness.uexp" 729
"../../../Engine/Plugins/Interchange/Assets/Content/gltf/MaterialInstances/MI_SpecularGlossiness_Blend.uasset" 730
"../../../Engine/Plugins/Interchange/Assets/Content/gltf/MaterialInstances/MI_SpecularGlossiness_Blend.uexp" 731
"../../../Engine/Plugins/Interchange/Assets/Content/gltf/MaterialInstances/MI_SpecularGlossiness_Blend_DS.uasset" 732
"../../../Engine/Plugins/Interchange/Assets/Content/gltf/MaterialInstances/MI_SpecularGlossiness_Blend_DS.uexp" 733
"../../../Engine/Plugins/Interchange/Assets/Content/gltf/MaterialInstances/MI_SpecularGlossiness_Mask.uasset" 734
"../../../Engine/Plugins/Interchange/Assets/Content/gltf/MaterialInstances/MI_SpecularGlossiness_Mask.uexp" 735
"../../../Engine/Plugins/Interchange/Assets/Content/gltf/MaterialInstances/MI_SpecularGlossiness_Mask_DS.uasset" 736
"../../../Engine/Plugins/Interchange/Assets/Content/gltf/MaterialInstances/MI_SpecularGlossiness_Mask_DS.uexp" 737
"../../../Engine/Plugins/Interchange/Assets/Content/gltf/MaterialInstances/MI_SpecularGlossiness_Opaque.uasset" 738
"../../../Engine/Plugins/Interchange/Assets/Content/gltf/MaterialInstances/MI_SpecularGlossiness_Opaque.uexp" 739
"../../../Engine/Plugins/Interchange/Assets/Content/gltf/MaterialInstances/MI_SpecularGlossiness_Opaque_DS.uasset" 740
"../../../Engine/Plugins/Interchange/Assets/Content/gltf/MaterialInstances/MI_SpecularGlossiness_Opaque_DS.uexp" 741
"../../../Engine/Content/EngineMaterials/Good64x64TilingNoiseHighFreq.uasset" 742
"../../../Engine/Content/EngineMaterials/Good64x64TilingNoiseHighFreq.uexp" 743
"../../../Engine/Content/Functions/Engine_MaterialFunctions02/Texturing/ScreenAlignedPixelToPixelUVs.uasset" 744
"../../../Engine/Content/Functions/Engine_MaterialFunctions02/Texturing/ScreenAlignedPixelToPixelUVs.uexp" 745
"../../../Engine/Plugins/Interchange/Assets/Content/gltf/MaterialFunctions/MF_Temporal_Blur.uasset" 746
"../../../Engine/Plugins/Interchange/Assets/Content/gltf/MaterialFunctions/MF_Temporal_Blur.uexp" 747
"../../../Engine/Plugins/Interchange/Assets/Content/gltf/MaterialFunctions/MF_Fresnel_DS.uasset" 748
"../../../Engine/Plugins/Interchange/Assets/Content/gltf/MaterialFunctions/MF_Fresnel_DS.uexp" 749
"../../../Engine/Plugins/Interchange/Assets/Content/gltf/MaterialFunctions/MF_Transmission.uasset" 750
"../../../Engine/Plugins/Interchange/Assets/Content/gltf/MaterialFunctions/MF_Transmission.uexp" 751
"../../../Engine/Plugins/Interchange/Assets/Content/gltf/MaterialBodies/MF_Transmission_Body.uasset" 752
"../../../Engine/Plugins/Interchange/Assets/Content/gltf/MaterialBodies/MF_Transmission_Body.uexp" 753
"../../../Engine/Plugins/Interchange/Assets/Content/gltf/M_Transmission.uasset" 754
"../../../Engine/Plugins/Interchange/Assets/Content/gltf/M_Transmission.uexp" 755
"../../../Engine/Plugins/Interchange/Assets/Content/gltf/MaterialInstances/MI_Transmission.uasset" 756
"../../../Engine/Plugins/Interchange/Assets/Content/gltf/MaterialInstances/MI_Transmission.uexp" 757
"../../../Engine/Plugins/Interchange/Assets/Content/gltf/MaterialInstances/MI_Transmission_DS.uasset" 758
"../../../Engine/Plugins/Interchange/Assets/Content/gltf/MaterialInstances/MI_Transmission_DS.uexp" 759
"../../../Engine/Plugins/Interchange/Assets/Content/gltf/MaterialBodies/MF_Unlit_Body.uasset" 760
"../../../Engine/Plugins/Interchange/Assets/Content/gltf/MaterialBodies/MF_Unlit_Body.uexp" 761
"../../../Engine/Plugins/Interchange/Assets/Content/gltf/M_Unlit.uasset" 762
"../../../Engine/Plugins/Interchange/Assets/Content/gltf/M_Unlit.uexp" 763
"../../../Engine/Plugins/Interchange/Assets/Content/gltf/MaterialInstances/MI_Unlit_Blend.uasset" 764
"../../../Engine/Plugins/Interchange/Assets/Content/gltf/MaterialInstances/MI_Unlit_Blend.uexp" 765
"../../../Engine/Plugins/Interchange/Assets/Content/gltf/MaterialInstances/MI_Unlit_Blend_DS.uasset" 766
"../../../Engine/Plugins/Interchange/Assets/Content/gltf/MaterialInstances/MI_Unlit_Blend_DS.uexp" 767
"../../../Engine/Plugins/Interchange/Assets/Content/gltf/MaterialInstances/MI_Unlit_Mask.uasset" 768
"../../../Engine/Plugins/Interchange/Assets/Content/gltf/MaterialInstances/MI_Unlit_Mask.uexp" 769
"../../../Engine/Plugins/Interchange/Assets/Content/gltf/MaterialInstances/MI_Unlit_Mask_DS.uasset" 770
"../../../Engine/Plugins/Interchange/Assets/Content/gltf/MaterialInstances/MI_Unlit_Mask_DS.uexp" 771
"../../../Engine/Plugins/Interchange/Assets/Content/gltf/MaterialInstances/MI_Unlit_Opaque.uasset" 772
"../../../Engine/Plugins/Interchange/Assets/Content/gltf/MaterialInstances/MI_Unlit_Opaque.uexp" 773
"../../../Engine/Plugins/Interchange/Assets/Content/gltf/MaterialInstances/MI_Unlit_Opaque_DS.uasset" 774
"../../../Engine/Plugins/Interchange/Assets/Content/gltf/MaterialInstances/MI_Unlit_Opaque_DS.uexp" 775
"../../../Engine/Content/EngineMaterials/DefaultMaterial.uasset" 776
"../../../Engine/Content/EngineMaterials/DefaultMaterial.uexp" 777
"../../../Engine/Content/BasicShapes/Cone.ubulk" 778
"../../../Engine/Content/BasicShapes/Cone.uasset" 779
"../../../Engine/Content/BasicShapes/Cone.uexp" 780
"../../../Engine/Content/BasicShapes/Cube.ubulk" 781
"../../../Engine/Content/BasicShapes/Cube.uasset" 782
"../../../Engine/Content/BasicShapes/Cube.uexp" 783
"../../../Engine/Content/BasicShapes/Cylinder.ubulk" 784
"../../../Engine/Content/BasicShapes/Cylinder.uasset" 785
"../../../Engine/Content/BasicShapes/Cylinder.uexp" 786
"../../../Engine/Content/BasicShapes/Plane.ubulk" 787
"../../../Engine/Content/BasicShapes/Plane.uasset" 788
"../../../Engine/Content/BasicShapes/Plane.uexp" 789
"../../../Engine/Content/BasicShapes/Sphere.ubulk" 790
"../../../Engine/Content/BasicShapes/Sphere.uasset" 791
"../../../Engine/Content/BasicShapes/Sphere.uexp" 792
"../../../Engine/Content/EditorLandscapeResources/SplineEditorMeshMat.uasset" 793
"../../../Engine/Content/EditorLandscapeResources/SplineEditorMeshMat.uexp" 794
"../../../Engine/Content/EditorLandscapeResources/SplineEditorMesh.ubulk" 795
"../../../Engine/Content/EditorLandscapeResources/SplineEditorMesh.uasset" 796
"../../../Engine/Content/EditorLandscapeResources/SplineEditorMesh.uexp" 797
"../../../Engine/Content/EngineResources/WhiteSquareTexture.uasset" 798
"../../../Engine/Content/EngineResources/WhiteSquareTexture.uexp" 799
"../../../Engine/Content/EngineMaterials/Widget3DPassThrough.uasset" 800
"../../../Engine/Content/EngineMaterials/Widget3DPassThrough.uexp" 801
"../../../Engine/Content/EngineMaterials/Widget3DPassThrough_Masked.uasset" 802
"../../../Engine/Content/EngineMaterials/Widget3DPassThrough_Masked.uexp" 803
"../../../Engine/Content/EngineMaterials/Widget3DPassThrough_Opaque.uasset" 804
"../../../Engine/Content/EngineMaterials/Widget3DPassThrough_Opaque.uexp" 805
"../../../Engine/Content/EngineMaterials/Widget3DPassThrough_Masked_OneSided.uasset" 806
"../../../Engine/Content/EngineMaterials/Widget3DPassThrough_Masked_OneSided.uexp" 807
"../../../Engine/Content/EngineMaterials/Widget3DPassThrough_Opaque_OneSided.uasset" 808
"../../../Engine/Content/EngineMaterials/Widget3DPassThrough_Opaque_OneSided.uexp" 809
"../../../Engine/Content/EngineMaterials/Widget3DPassThrough_Translucent.uasset" 810
"../../../Engine/Content/EngineMaterials/Widget3DPassThrough_Translucent.uexp" 811
"../../../Engine/Content/EngineMaterials/Widget3DPassThrough_Translucent_OneSided.uasset" 812
"../../../Engine/Content/EngineMaterials/Widget3DPassThrough_Translucent_OneSided.uexp" 813
"../../../Engine/Content/VREditor/TransformGizmo/StartRotationHandleIndicator.ubulk" 814
"../../../Engine/Content/VREditor/TransformGizmo/StartRotationHandleIndicator.uasset" 815
"../../../Engine/Content/VREditor/TransformGizmo/StartRotationHandleIndicator.uexp" 816
"../../../Engine/Content/VREditor/Sounds/UI/Drop_Item_From_ContentBrowser.ubulk" 817
"../../../Engine/Content/VREditor/Sounds/UI/Drop_Item_From_ContentBrowser.uasset" 818
"../../../Engine/Content/VREditor/Sounds/UI/Drop_Item_From_ContentBrowser.uexp" 819
"../../../Engine/Content/VREditor/TransformGizmo/PlaneTranslationHandle.ubulk" 820
"../../../Engine/Content/VREditor/TransformGizmo/PlaneTranslationHandle.uasset" 821
"../../../Engine/Content/VREditor/TransformGizmo/PlaneTranslationHandle.uexp" 822
"../../../Engine/Content/VREditor/Sounds/UI/Object_Snaps_To_Grid.ubulk" 823
"../../../Engine/Content/VREditor/Sounds/UI/Object_Snaps_To_Grid.uasset" 824
"../../../Engine/Content/VREditor/Sounds/UI/Object_Snaps_To_Grid.uexp" 825
"../../../Engine/Content/VREditor/Sounds/UI/Selection_Changes.ubulk" 826
"../../../Engine/Content/VREditor/Sounds/UI/Selection_Changes.uasset" 827
"../../../Engine/Content/VREditor/Sounds/UI/Selection_Changes.uexp" 828
"../../../Engine/Content/VREditor/Sounds/UI/Object_Snaps_To_Another_Actor.ubulk" 829
"../../../Engine/Content/VREditor/Sounds/UI/Object_Snaps_To_Another_Actor.uasset" 830
"../../../Engine/Content/VREditor/Sounds/UI/Object_Snaps_To_Another_Actor.uexp" 831
"../../../Engine/Content/VREditor/TransformGizmo/TranslucentTransformGizmoMaterial_Inst.uasset" 832
"../../../Engine/Content/VREditor/TransformGizmo/TranslucentTransformGizmoMaterial_Inst.uexp" 833
"../../../Engine/Content/VREditor/TransformGizmo/TransformGizmoFreeRotation.ubulk" 834
"../../../Engine/Content/VREditor/TransformGizmo/TransformGizmoFreeRotation.uasset" 835
"../../../Engine/Content/VREditor/TransformGizmo/TransformGizmoFreeRotation.uexp" 836
"../../../Engine/Content/VREditor/Sounds/UI/Scaling_Down.ubulk" 837
"../../../Engine/Content/VREditor/Sounds/UI/Scaling_Down.uasset" 838
"../../../Engine/Content/VREditor/Sounds/UI/Scaling_Down.uexp" 839
"../../../Engine/Content/Functions/Engine_MaterialFunctions02/SplitComponents.uasset" 840
"../../../Engine/Content/Functions/Engine_MaterialFunctions02/SplitComponents.uexp" 841
"../../../Engine/Content/VREditor/SnapGrid/SnapGridMaterial.uasset" 842
"../../../Engine/Content/VREditor/SnapGrid/SnapGridMaterial.uexp" 843
"../../../Engine/Content/VREditor/SnapGrid/SnapGridPlaneMesh.ubulk" 844
"../../../Engine/Content/VREditor/SnapGrid/SnapGridPlaneMesh.uasset" 845
"../../../Engine/Content/VREditor/SnapGrid/SnapGridPlaneMesh.uexp" 846
"../../../Engine/Content/VREditor/Sounds/UI/Scaling_Up.ubulk" 847
"../../../Engine/Content/VREditor/Sounds/UI/Scaling_Up.uasset" 848
"../../../Engine/Content/VREditor/Sounds/UI/Scaling_Up.uexp" 849
"../../../Engine/Content/VREditor/TransformGizmo/TransformGizmoMaterial_Inst.uasset" 850
"../../../Engine/Content/VREditor/TransformGizmo/TransformGizmoMaterial_Inst.uexp" 851
"../../../Engine/Content/VREditor/Sounds/UI/Gizmo_Handle_Clicked.ubulk" 852
"../../../Engine/Content/VREditor/Sounds/UI/Gizmo_Handle_Clicked.uasset" 853
"../../../Engine/Content/VREditor/Sounds/UI/Gizmo_Handle_Clicked.uexp" 854
"../../../Engine/Content/VREditor/TransformGizmo/RotationHandleQuarter.ubulk" 855
"../../../Engine/Content/VREditor/TransformGizmo/RotationHandleQuarter.uasset" 856
"../../../Engine/Content/VREditor/TransformGizmo/RotationHandleQuarter.uexp" 857
"../../../Engine/Content/VREditor/TransformGizmo/TranslateArrowHandle.ubulk" 858
"../../../Engine/Content/VREditor/TransformGizmo/TranslateArrowHandle.uasset" 859
"../../../Engine/Content/VREditor/TransformGizmo/TranslateArrowHandle.uexp" 860
"../../../Engine/Content/VREditor/TransformGizmo/RotationHandleIndicator.ubulk" 861
"../../../Engine/Content/VREditor/TransformGizmo/RotationHandleIndicator.uasset" 862
"../../../Engine/Content/VREditor/TransformGizmo/RotationHandleIndicator.uexp" 863
"../../../Engine/Content/VREditor/TransformGizmo/UniformScaleHandle.ubulk" 864
"../../../Engine/Content/VREditor/TransformGizmo/UniformScaleHandle.uasset" 865
"../../../Engine/Content/VREditor/TransformGizmo/UniformScaleHandle.uexp" 866
"../../../Engine/Content/VREditor/TransformGizmo/RotationHandleFull.ubulk" 867
"../../../Engine/Content/VREditor/TransformGizmo/RotationHandleFull.uasset" 868
"../../../Engine/Content/VREditor/TransformGizmo/RotationHandleFull.uexp" 869
"../../../Engine/Content/VREditor/Sounds/UI/Object_PickUp.ubulk" 870
"../../../Engine/Content/VREditor/Sounds/UI/Object_PickUp.uasset" 871
"../../../Engine/Content/VREditor/Sounds/UI/Object_PickUp.uexp" 872
"../../../Engine/Plugins/2D/Paper2D/Content/DefaultSpriteMaterial.uasset" 873
"../../../Engine/Plugins/2D/Paper2D/Content/DefaultSpriteMaterial.uexp" 874
"../../../Engine/Plugins/2D/Paper2D/Content/MaskedUnlitSpriteMaterial.uasset" 875
"../../../Engine/Plugins/2D/Paper2D/Content/MaskedUnlitSpriteMaterial.uexp" 876
"../../../Engine/Plugins/2D/Paper2D/Content/OpaqueUnlitSpriteMaterial.uasset" 877
"../../../Engine/Plugins/2D/Paper2D/Content/OpaqueUnlitSpriteMaterial.uexp" 878
"../../../Engine/Plugins/Animation/ControlRig/Content/Controls/ControlRig_Arrow2_1mm.ubulk" 879
"../../../Engine/Plugins/Animation/ControlRig/Content/Controls/ControlRig_Arrow2_1mm.uasset" 880
"../../../Engine/Plugins/Animation/ControlRig/Content/Controls/ControlRig_Arrow2_1mm.uexp" 881
"../../../Engine/Plugins/Animation/ControlRig/Content/Controls/ControlRig_Arrow2_3mm.ubulk" 882
"../../../Engine/Plugins/Animation/ControlRig/Content/Controls/ControlRig_Arrow2_3mm.uasset" 883
"../../../Engine/Plugins/Animation/ControlRig/Content/Controls/ControlRig_Arrow2_3mm.uexp" 884
"../../../Engine/Plugins/Animation/ControlRig/Content/Controls/ControlRig_Arrow2_solid.ubulk" 885
"../../../Engine/Plugins/Animation/ControlRig/Content/Controls/ControlRig_Arrow2_solid.uasset" 886
"../../../Engine/Plugins/Animation/ControlRig/Content/Controls/ControlRig_Arrow2_solid.uexp" 887
"../../../Engine/Plugins/Animation/ControlRig/Content/Controls/ControlRig_Arrow4_1mm.ubulk" 888
"../../../Engine/Plugins/Animation/ControlRig/Content/Controls/ControlRig_Arrow4_1mm.uasset" 889
"../../../Engine/Plugins/Animation/ControlRig/Content/Controls/ControlRig_Arrow4_1mm.uexp" 890
"../../../Engine/Plugins/Animation/ControlRig/Content/Controls/ControlRig_Arrow4_3mm.ubulk" 891
"../../../Engine/Plugins/Animation/ControlRig/Content/Controls/ControlRig_Arrow4_3mm.uasset" 892
"../../../Engine/Plugins/Animation/ControlRig/Content/Controls/ControlRig_Arrow4_3mm.uexp" 893
"../../../Engine/Plugins/Animation/ControlRig/Content/Controls/ControlRig_Arrow4_solid.ubulk" 894
"../../../Engine/Plugins/Animation/ControlRig/Content/Controls/ControlRig_Arrow4_solid.uasset" 895
"../../../Engine/Plugins/Animation/ControlRig/Content/Controls/ControlRig_Arrow4_solid.uexp" 896
"../../../Engine/Plugins/Animation/ControlRig/Content/Controls/ControlRig_Arrow_1mm.ubulk" 897
"../../../Engine/Plugins/Animation/ControlRig/Content/Controls/ControlRig_Arrow_1mm.uasset" 898
"../../../Engine/Plugins/Animation/ControlRig/Content/Controls/ControlRig_Arrow_1mm.uexp" 899
"../../../Engine/Plugins/Animation/ControlRig/Content/Controls/ControlRig_Arrow_3mm.ubulk" 900
"../../../Engine/Plugins/Animation/ControlRig/Content/Controls/ControlRig_Arrow_3mm.uasset" 901
"../../../Engine/Plugins/Animation/ControlRig/Content/Controls/ControlRig_Arrow_3mm.uexp" 902
"../../../Engine/Plugins/Animation/ControlRig/Content/Controls/ControlRig_Arrow_solid.ubulk" 903
"../../../Engine/Plugins/Animation/ControlRig/Content/Controls/ControlRig_Arrow_solid.uasset" 904
"../../../Engine/Plugins/Animation/ControlRig/Content/Controls/ControlRig_Arrow_solid.uexp" 905
"../../../Engine/Plugins/Animation/ControlRig/Content/Controls/ControlRig_Box_1mm.ubulk" 906
"../../../Engine/Plugins/Animation/ControlRig/Content/Controls/ControlRig_Box_1mm.uasset" 907
"../../../Engine/Plugins/Animation/ControlRig/Content/Controls/ControlRig_Box_1mm.uexp" 908
"../../../Engine/Plugins/Animation/ControlRig/Content/Controls/ControlRig_Box_3mm.ubulk" 909
"../../../Engine/Plugins/Animation/ControlRig/Content/Controls/ControlRig_Box_3mm.uasset" 910
"../../../Engine/Plugins/Animation/ControlRig/Content/Controls/ControlRig_Box_3mm.uexp" 911
"../../../Engine/Plugins/Animation/ControlRig/Content/Controls/ControlRig_Box_solid.ubulk" 912
"../../../Engine/Plugins/Animation/ControlRig/Content/Controls/ControlRig_Box_solid.uasset" 913
"../../../Engine/Plugins/Animation/ControlRig/Content/Controls/ControlRig_Box_solid.uexp" 914
"../../../Engine/Plugins/Animation/ControlRig/Content/Controls/ControlRig_Circle_1mm.ubulk" 915
"../../../Engine/Plugins/Animation/ControlRig/Content/Controls/ControlRig_Circle_1mm.uasset" 916
"../../../Engine/Plugins/Animation/ControlRig/Content/Controls/ControlRig_Circle_1mm.uexp" 917
"../../../Engine/Plugins/Animation/ControlRig/Content/Controls/ControlRig_Circle_3mm.ubulk" 918
"../../../Engine/Plugins/Animation/ControlRig/Content/Controls/ControlRig_Circle_3mm.uasset" 919
"../../../Engine/Plugins/Animation/ControlRig/Content/Controls/ControlRig_Circle_3mm.uexp" 920
"../../../Engine/Plugins/Animation/ControlRig/Content/Controls/ControlRig_Circle_solid.ubulk" 921
"../../../Engine/Plugins/Animation/ControlRig/Content/Controls/ControlRig_Circle_solid.uasset" 922
"../../../Engine/Plugins/Animation/ControlRig/Content/Controls/ControlRig_Circle_solid.uexp" 923
"../../../Engine/Plugins/Animation/ControlRig/Content/Controls/ControlRig_Diamond_1mm.ubulk" 924
"../../../Engine/Plugins/Animation/ControlRig/Content/Controls/ControlRig_Diamond_1mm.uasset" 925
"../../../Engine/Plugins/Animation/ControlRig/Content/Controls/ControlRig_Diamond_1mm.uexp" 926
"../../../Engine/Plugins/Animation/ControlRig/Content/Controls/ControlRig_Diamond_3mm.ubulk" 927
"../../../Engine/Plugins/Animation/ControlRig/Content/Controls/ControlRig_Diamond_3mm.uasset" 928
"../../../Engine/Plugins/Animation/ControlRig/Content/Controls/ControlRig_Diamond_3mm.uexp" 929
"../../../Engine/Plugins/Animation/ControlRig/Content/Controls/ControlRig_Diamond_solid.ubulk" 930
"../../../Engine/Plugins/Animation/ControlRig/Content/Controls/ControlRig_Diamond_solid.uasset" 931
"../../../Engine/Plugins/Animation/ControlRig/Content/Controls/ControlRig_Diamond_solid.uexp" 932
"../../../Engine/Plugins/Animation/ControlRig/Content/Controls/ControlRig_HalfCircle_1mm.ubulk" 933
"../../../Engine/Plugins/Animation/ControlRig/Content/Controls/ControlRig_HalfCircle_1mm.uasset" 934
"../../../Engine/Plugins/Animation/ControlRig/Content/Controls/ControlRig_HalfCircle_1mm.uexp" 935
"../../../Engine/Plugins/Animation/ControlRig/Content/Controls/ControlRig_HalfCircle_3mm.ubulk" 936
"../../../Engine/Plugins/Animation/ControlRig/Content/Controls/ControlRig_HalfCircle_3mm.uasset" 937
"../../../Engine/Plugins/Animation/ControlRig/Content/Controls/ControlRig_HalfCircle_3mm.uexp" 938
"../../../Engine/Plugins/Animation/ControlRig/Content/Controls/ControlRig_HalfCircle_solid.ubulk" 939
"../../../Engine/Plugins/Animation/ControlRig/Content/Controls/ControlRig_HalfCircle_solid.uasset" 940
"../../../Engine/Plugins/Animation/ControlRig/Content/Controls/ControlRig_HalfCircle_solid.uexp" 941
"../../../Engine/Plugins/Animation/ControlRig/Content/Controls/ControlRig_Hexagon_1mm.ubulk" 942
"../../../Engine/Plugins/Animation/ControlRig/Content/Controls/ControlRig_Hexagon_1mm.uasset" 943
"../../../Engine/Plugins/Animation/ControlRig/Content/Controls/ControlRig_Hexagon_1mm.uexp" 944
"../../../Engine/Plugins/Animation/ControlRig/Content/Controls/ControlRig_Hexagon_3mm.ubulk" 945
"../../../Engine/Plugins/Animation/ControlRig/Content/Controls/ControlRig_Hexagon_3mm.uasset" 946
"../../../Engine/Plugins/Animation/ControlRig/Content/Controls/ControlRig_Hexagon_3mm.uexp" 947
"../../../Engine/Plugins/Animation/ControlRig/Content/Controls/ControlRig_Hexagon_solid.ubulk" 948
"../../../Engine/Plugins/Animation/ControlRig/Content/Controls/ControlRig_Hexagon_solid.uasset" 949
"../../../Engine/Plugins/Animation/ControlRig/Content/Controls/ControlRig_Hexagon_solid.uexp" 950
"../../../Engine/Plugins/Animation/ControlRig/Content/Controls/ControlRig_Octagon_1mm.ubulk" 951
"../../../Engine/Plugins/Animation/ControlRig/Content/Controls/ControlRig_Octagon_1mm.uasset" 952
"../../../Engine/Plugins/Animation/ControlRig/Content/Controls/ControlRig_Octagon_1mm.uexp" 953
"../../../Engine/Plugins/Animation/ControlRig/Content/Controls/ControlRig_Octagon_3mm.ubulk" 954
"../../../Engine/Plugins/Animation/ControlRig/Content/Controls/ControlRig_Octagon_3mm.uasset" 955
"../../../Engine/Plugins/Animation/ControlRig/Content/Controls/ControlRig_Octagon_3mm.uexp" 956
"../../../Engine/Plugins/Animation/ControlRig/Content/Controls/ControlRig_Octagon_solid.ubulk" 957
"../../../Engine/Plugins/Animation/ControlRig/Content/Controls/ControlRig_Octagon_solid.uasset" 958
"../../../Engine/Plugins/Animation/ControlRig/Content/Controls/ControlRig_Octagon_solid.uexp" 959
"../../../Engine/Plugins/Animation/ControlRig/Content/Controls/ControlRig_Pyramid_1mm.ubulk" 960
"../../../Engine/Plugins/Animation/ControlRig/Content/Controls/ControlRig_Pyramid_1mm.uasset" 961
"../../../Engine/Plugins/Animation/ControlRig/Content/Controls/ControlRig_Pyramid_1mm.uexp" 962
"../../../Engine/Plugins/Animation/ControlRig/Content/Controls/ControlRig_Pyramid_3mm.ubulk" 963
"../../../Engine/Plugins/Animation/ControlRig/Content/Controls/ControlRig_Pyramid_3mm.uasset" 964
"../../../Engine/Plugins/Animation/ControlRig/Content/Controls/ControlRig_Pyramid_3mm.uexp" 965
"../../../Engine/Plugins/Animation/ControlRig/Content/Controls/ControlRig_Pyramid_solid.ubulk" 966
"../../../Engine/Plugins/Animation/ControlRig/Content/Controls/ControlRig_Pyramid_solid.uasset" 967
"../../../Engine/Plugins/Animation/ControlRig/Content/Controls/ControlRig_Pyramid_solid.uexp" 968
"../../../Engine/Plugins/Animation/ControlRig/Content/Controls/ControlRig_QuarterCircle_1mm.ubulk" 969
"../../../Engine/Plugins/Animation/ControlRig/Content/Controls/ControlRig_QuarterCircle_1mm.uasset" 970
"../../../Engine/Plugins/Animation/ControlRig/Content/Controls/ControlRig_QuarterCircle_1mm.uexp" 971
"../../../Engine/Plugins/Animation/ControlRig/Content/Controls/ControlRig_QuarterCircle_3mm.ubulk" 972
"../../../Engine/Plugins/Animation/ControlRig/Content/Controls/ControlRig_QuarterCircle_3mm.uasset" 973
"../../../Engine/Plugins/Animation/ControlRig/Content/Controls/ControlRig_QuarterCircle_3mm.uexp" 974
"../../../Engine/Plugins/Animation/ControlRig/Content/Controls/ControlRig_QuarterCircle_solid.ubulk" 975
"../../../Engine/Plugins/Animation/ControlRig/Content/Controls/ControlRig_QuarterCircle_solid.uasset" 976
"../../../Engine/Plugins/Animation/ControlRig/Content/Controls/ControlRig_QuarterCircle_solid.uexp" 977
"../../../Engine/Plugins/Animation/ControlRig/Content/Controls/ControlRig_RoundedSquare_1mm.ubulk" 978
"../../../Engine/Plugins/Animation/ControlRig/Content/Controls/ControlRig_RoundedSquare_1mm.uasset" 979
"../../../Engine/Plugins/Animation/ControlRig/Content/Controls/ControlRig_RoundedSquare_1mm.uexp" 980
"../../../Engine/Plugins/Animation/ControlRig/Content/Controls/ControlRig_RoundedSquare_3mm.ubulk" 981
"../../../Engine/Plugins/Animation/ControlRig/Content/Controls/ControlRig_RoundedSquare_3mm.uasset" 982
"../../../Engine/Plugins/Animation/ControlRig/Content/Controls/ControlRig_RoundedSquare_3mm.uexp" 983
"../../../Engine/Plugins/Animation/ControlRig/Content/Controls/ControlRig_RoundedSquare_solid.ubulk" 984
"../../../Engine/Plugins/Animation/ControlRig/Content/Controls/ControlRig_RoundedSquare_solid.uasset" 985
"../../../Engine/Plugins/Animation/ControlRig/Content/Controls/ControlRig_RoundedSquare_solid.uexp" 986
"../../../Engine/Plugins/Animation/ControlRig/Content/Controls/ControlRig_RoundedTriangle_1mm.ubulk" 987
"../../../Engine/Plugins/Animation/ControlRig/Content/Controls/ControlRig_RoundedTriangle_1mm.uasset" 988
"../../../Engine/Plugins/Animation/ControlRig/Content/Controls/ControlRig_RoundedTriangle_1mm.uexp" 989
"../../../Engine/Plugins/Animation/ControlRig/Content/Controls/ControlRig_RoundedTriangle_3mm.ubulk" 990
"../../../Engine/Plugins/Animation/ControlRig/Content/Controls/ControlRig_RoundedTriangle_3mm.uasset" 991
"../../../Engine/Plugins/Animation/ControlRig/Content/Controls/ControlRig_RoundedTriangle_3mm.uexp" 992
"../../../Engine/Plugins/Animation/ControlRig/Content/Controls/ControlRig_RoundedTriangle_solid.ubulk" 993
"../../../Engine/Plugins/Animation/ControlRig/Content/Controls/ControlRig_RoundedTriangle_solid.uasset" 994
"../../../Engine/Plugins/Animation/ControlRig/Content/Controls/ControlRig_RoundedTriangle_solid.uexp" 995
"../../../Engine/Plugins/Animation/ControlRig/Content/Controls/ControlRig_Sphere_1mm.ubulk" 996
"../../../Engine/Plugins/Animation/ControlRig/Content/Controls/ControlRig_Sphere_1mm.uasset" 997
"../../../Engine/Plugins/Animation/ControlRig/Content/Controls/ControlRig_Sphere_1mm.uexp" 998
"../../../Engine/Plugins/Animation/ControlRig/Content/Controls/ControlRig_Sphere_3mm.ubulk" 999
"../../../Engine/Plugins/Animation/ControlRig/Content/Controls/ControlRig_Sphere_3mm.uasset" 1000
"../../../Engine/Plugins/Animation/ControlRig/Content/Controls/ControlRig_Sphere_3mm.uexp" 1001
"../../../Engine/Plugins/Animation/ControlRig/Content/Controls/ControlRig_Sphere_solid.ubulk" 1002
"../../../Engine/Plugins/Animation/ControlRig/Content/Controls/ControlRig_Sphere_solid.uasset" 1003
"../../../Engine/Plugins/Animation/ControlRig/Content/Controls/ControlRig_Sphere_solid.uexp" 1004
"../../../Engine/Plugins/Animation/ControlRig/Content/Controls/ControlRig_Square_1mm.ubulk" 1005
"../../../Engine/Plugins/Animation/ControlRig/Content/Controls/ControlRig_Square_1mm.uasset" 1006
"../../../Engine/Plugins/Animation/ControlRig/Content/Controls/ControlRig_Square_1mm.uexp" 1007
"../../../Engine/Plugins/Animation/ControlRig/Content/Controls/ControlRig_Square_3mm.ubulk" 1008
"../../../Engine/Plugins/Animation/ControlRig/Content/Controls/ControlRig_Square_3mm.uasset" 1009
"../../../Engine/Plugins/Animation/ControlRig/Content/Controls/ControlRig_Square_3mm.uexp" 1010
"../../../Engine/Plugins/Animation/ControlRig/Content/Controls/ControlRig_Square_solid.ubulk" 1011
"../../../Engine/Plugins/Animation/ControlRig/Content/Controls/ControlRig_Square_solid.uasset" 1012
"../../../Engine/Plugins/Animation/ControlRig/Content/Controls/ControlRig_Square_solid.uexp" 1013
"../../../Engine/Plugins/Animation/ControlRig/Content/Controls/ControlRig_Star4_1mm.ubulk" 1014
"../../../Engine/Plugins/Animation/ControlRig/Content/Controls/ControlRig_Star4_1mm.uasset" 1015
"../../../Engine/Plugins/Animation/ControlRig/Content/Controls/ControlRig_Star4_1mm.uexp" 1016
"../../../Engine/Plugins/Animation/ControlRig/Content/Controls/ControlRig_Star4_3mm.ubulk" 1017
"../../../Engine/Plugins/Animation/ControlRig/Content/Controls/ControlRig_Star4_3mm.uasset" 1018
"../../../Engine/Plugins/Animation/ControlRig/Content/Controls/ControlRig_Star4_3mm.uexp" 1019
"../../../Engine/Plugins/Animation/ControlRig/Content/Controls/ControlRig_Star4_solid.ubulk" 1020
"../../../Engine/Plugins/Animation/ControlRig/Content/Controls/ControlRig_Star4_solid.uasset" 1021
"../../../Engine/Plugins/Animation/ControlRig/Content/Controls/ControlRig_Star4_solid.uexp" 1022
"../../../Engine/Plugins/Animation/ControlRig/Content/Controls/ControlRig_Triangle_1mm.ubulk" 1023
"../../../Engine/Plugins/Animation/ControlRig/Content/Controls/ControlRig_Triangle_1mm.uasset" 1024
"../../../Engine/Plugins/Animation/ControlRig/Content/Controls/ControlRig_Triangle_1mm.uexp" 1025
"../../../Engine/Plugins/Animation/ControlRig/Content/Controls/ControlRig_Triangle_3mm.ubulk" 1026
"../../../Engine/Plugins/Animation/ControlRig/Content/Controls/ControlRig_Triangle_3mm.uasset" 1027
"../../../Engine/Plugins/Animation/ControlRig/Content/Controls/ControlRig_Triangle_3mm.uexp" 1028
"../../../Engine/Plugins/Animation/ControlRig/Content/Controls/ControlRig_Triangle_solid.ubulk" 1029
"../../../Engine/Plugins/Animation/ControlRig/Content/Controls/ControlRig_Triangle_solid.uasset" 1030
"../../../Engine/Plugins/Animation/ControlRig/Content/Controls/ControlRig_Triangle_solid.uexp" 1031
"../../../Engine/Plugins/Animation/ControlRig/Content/Controls/ControlRig_Wedge_1mm.ubulk" 1032
"../../../Engine/Plugins/Animation/ControlRig/Content/Controls/ControlRig_Wedge_1mm.uasset" 1033
"../../../Engine/Plugins/Animation/ControlRig/Content/Controls/ControlRig_Wedge_1mm.uexp" 1034
"../../../Engine/Plugins/Animation/ControlRig/Content/Controls/ControlRig_Wedge_3mm.ubulk" 1035
"../../../Engine/Plugins/Animation/ControlRig/Content/Controls/ControlRig_Wedge_3mm.uasset" 1036
"../../../Engine/Plugins/Animation/ControlRig/Content/Controls/ControlRig_Wedge_3mm.uexp" 1037
"../../../Engine/Plugins/Animation/ControlRig/Content/Controls/ControlRig_Wedge_solid.ubulk" 1038
"../../../Engine/Plugins/Animation/ControlRig/Content/Controls/ControlRig_Wedge_solid.uasset" 1039
"../../../Engine/Plugins/Animation/ControlRig/Content/Controls/ControlRig_Wedge_solid.uexp" 1040
"../../../Engine/Plugins/Media/MediaPlate/Content/SM_MediaPlateScreen.ubulk" 1041
"../../../Engine/Plugins/Media/MediaPlate/Content/SM_MediaPlateScreen.uasset" 1042
"../../../Engine/Plugins/Media/MediaPlate/Content/SM_MediaPlateScreen.uexp" 1043
"../../../Engine/Content/Functions/Engine_MaterialFunctions02/Texturing/CustomRotator.uasset" 1044
"../../../Engine/Content/Functions/Engine_MaterialFunctions02/Texturing/CustomRotator.uexp" 1045
"../../../Engine/Content/Functions/Engine_MaterialFunctions01/Texturing/ScaleUVsByCenter.uasset" 1046
"../../../Engine/Content/Functions/Engine_MaterialFunctions01/Texturing/ScaleUVsByCenter.uexp" 1047
"../../../Engine/Content/Functions/Engine_MaterialFunctions01/Gradient/GeneratedRoundRect.uasset" 1048
"../../../Engine/Content/Functions/Engine_MaterialFunctions01/Gradient/GeneratedRoundRect.uexp" 1049
"../../../Engine/Content/Functions/Engine_MaterialFunctions01/Gradient/SphereGradient-2D.uasset" 1050
"../../../Engine/Content/Functions/Engine_MaterialFunctions01/Gradient/SphereGradient-2D.uexp" 1051
"../../../Engine/Plugins/Runtime/AudioWidgets/Content/AudioMaterialSlate/Functions/MF_DotOutlined.uasset" 1052
"../../../Engine/Plugins/Runtime/AudioWidgets/Content/AudioMaterialSlate/Functions/MF_DotOutlined.uexp" 1053
"../../../Engine/Plugins/Runtime/AudioWidgets/Content/AudioMaterialSlate/M_AudioMaterialEnvelope_ADSR.uasset" 1054
"../../../Engine/Plugins/Runtime/AudioWidgets/Content/AudioMaterialSlate/M_AudioMaterialEnvelope_ADSR.uexp" 1055
"../../../Engine/Plugins/Runtime/AudioWidgets/Content/AudioMaterialSlate/MI_AudioMaterialEnvelope_ADSR.uasset" 1056
"../../../Engine/Plugins/Runtime/AudioWidgets/Content/AudioMaterialSlate/MI_AudioMaterialEnvelope_ADSR.uexp" 1057
"../../../Engine/Plugins/Runtime/AudioWidgets/Content/AudioMaterialSlate/Functions/MF_SingleLine_Smooth.uasset" 1058
"../../../Engine/Plugins/Runtime/AudioWidgets/Content/AudioMaterialSlate/Functions/MF_SingleLine_Smooth.uexp" 1059
"../../../Engine/Plugins/Runtime/AudioWidgets/Content/AudioMaterialSlate/Functions/MF_AngleGradient.uasset" 1060
"../../../Engine/Plugins/Runtime/AudioWidgets/Content/AudioMaterialSlate/Functions/MF_AngleGradient.uexp" 1061
"../../../Engine/Content/Functions/Engine_MaterialFunctions02/Lerp_3Color.uasset" 1062
"../../../Engine/Content/Functions/Engine_MaterialFunctions02/Lerp_3Color.uexp" 1063
"../../../Engine/Plugins/Runtime/AudioWidgets/Content/AudioMaterialSlate/M_AudioMaterialKnob.uasset" 1064
"../../../Engine/Plugins/Runtime/AudioWidgets/Content/AudioMaterialSlate/M_AudioMaterialKnob.uexp" 1065
"../../../Engine/Plugins/Runtime/AudioWidgets/Content/AudioMaterialSlate/MI_AudioMaterialKnob.uasset" 1066
"../../../Engine/Plugins/Runtime/AudioWidgets/Content/AudioMaterialSlate/MI_AudioMaterialKnob.uexp" 1067
"../../../Engine/Plugins/Runtime/AudioWidgets/Content/AudioMaterialSlate/Functions/MF_Lines.uasset" 1068
"../../../Engine/Plugins/Runtime/AudioWidgets/Content/AudioMaterialSlate/Functions/MF_Lines.uexp" 1069
"../../../Engine/Plugins/Runtime/AudioWidgets/Content/AudioMaterialSlate/M_AudioMaterialMeter.uasset" 1070
"../../../Engine/Plugins/Runtime/AudioWidgets/Content/AudioMaterialSlate/M_AudioMaterialMeter.uexp" 1071
"../../../Engine/Plugins/Runtime/AudioWidgets/Content/AudioMaterialSlate/MI_AudioMaterialMeter.uasset" 1072
"../../../Engine/Plugins/Runtime/AudioWidgets/Content/AudioMaterialSlate/MI_AudioMaterialMeter.uexp" 1073
"../../../Engine/Plugins/Runtime/AudioWidgets/Content/AudioMaterialSlate/M_AudioMaterialRoundedSlider.uasset" 1074
"../../../Engine/Plugins/Runtime/AudioWidgets/Content/AudioMaterialSlate/M_AudioMaterialRoundedSlider.uexp" 1075
"../../../Engine/Plugins/Runtime/AudioWidgets/Content/AudioMaterialSlate/MI_AudioMaterialRoundedSlider.uasset" 1076
"../../../Engine/Plugins/Runtime/AudioWidgets/Content/AudioMaterialSlate/MI_AudioMaterialRoundedSlider.uexp" 1077
"../../../Engine/Plugins/Runtime/AudioWidgets/Content/AudioMaterialSlate/Functions/MF_SingleLine.uasset" 1078
"../../../Engine/Plugins/Runtime/AudioWidgets/Content/AudioMaterialSlate/Functions/MF_SingleLine.uexp" 1079
"../../../Engine/Plugins/Runtime/AudioWidgets/Content/AudioMaterialSlate/M_AudioMaterialToggleButton.uasset" 1080
"../../../Engine/Plugins/Runtime/AudioWidgets/Content/AudioMaterialSlate/M_AudioMaterialToggleButton.uexp" 1081
"../../../Engine/Plugins/Runtime/AudioWidgets/Content/AudioMaterialSlate/MI_AudioMaterialToggleButton.uasset" 1082
"../../../Engine/Plugins/Runtime/AudioWidgets/Content/AudioMaterialSlate/MI_AudioMaterialToggleButton.uexp" 1083
"../../../Engine/Content/EngineResources/LandscapeVisibilityLayerInfo.uasset" 1084
"../../../Engine/Content/EngineResources/LandscapeVisibilityLayerInfo.uexp" 1085
"../../../Engine/Plugins/Animation/DeformerGraph/Content/DeformerFunctions/DG_Function_ComputeNormalsTangents.uasset" 1086
"../../../Engine/Plugins/Animation/DeformerGraph/Content/DeformerFunctions/DG_Function_ComputeNormalsTangents.uexp" 1087
"../../../Engine/Plugins/Animation/DeformerGraph/Content/DeformerFunctions/DG_Function_LinearBlendSkin_Morph_Cloth.uasset" 1088
"../../../Engine/Plugins/Animation/DeformerGraph/Content/DeformerFunctions/DG_Function_LinearBlendSkin_Morph_Cloth.uexp" 1089
"../../../Engine/Plugins/Animation/DeformerGraph/Content/DeformerFunctions/DG_Function_LinearBlendSkin_Morph_Cloth_PositionOnly.uasset" 1090
"../../../Engine/Plugins/Animation/DeformerGraph/Content/DeformerFunctions/DG_Function_LinearBlendSkin_Morph_Cloth_PositionOnly.uexp" 1091
"../../../Engine/Plugins/Animation/DeformerGraph/Content/Deformers/DG_LinearBlendSkin_Morph_Cloth.uasset" 1092
"../../../Engine/Plugins/Animation/DeformerGraph/Content/Deformers/DG_LinearBlendSkin_Morph_Cloth.uexp" 1093
"../../../Engine/Plugins/Animation/DeformerGraph/Content/Deformers/DG_LinearBlendSkin_Morph_Cloth_RecomputeNormals.uasset" 1094
"../../../Engine/Plugins/Animation/DeformerGraph/Content/Deformers/DG_LinearBlendSkin_Morph_Cloth_RecomputeNormals.uexp" 1095
"../../../Engine/Plugins/NNE/NNEDenoiser/Content/NNEDT_Oidn2-3_Balanced.uasset" 1096
"../../../Engine/Plugins/NNE/NNEDenoiser/Content/NNEDT_Oidn2-3_Balanced.uexp" 1097
"../../../Engine/Plugins/NNE/NNEDenoiser/Content/NNEDT_Oidn2-3_Balanced_Alpha.uasset" 1098
"../../../Engine/Plugins/NNE/NNEDenoiser/Content/NNEDT_Oidn2-3_Balanced_Alpha.uexp" 1099
"../../../Engine/Plugins/NNE/NNEDenoiser/Content/NNED_Oidn2-3_Balanced.uasset" 1100
"../../../Engine/Plugins/NNE/NNEDenoiser/Content/NNED_Oidn2-3_Balanced.uexp" 1101
"../../../Engine/Plugins/NNE/NNEDenoiser/Content/NNED_Oidn2-3_Balanced_Alpha.uasset" 1102
"../../../Engine/Plugins/NNE/NNEDenoiser/Content/NNED_Oidn2-3_Balanced_Alpha.uexp" 1103
"../../../Engine/Plugins/NNE/NNEDenoiser/Content/NNED_Oidn2-3_Fast.uasset" 1104
"../../../Engine/Plugins/NNE/NNEDenoiser/Content/NNED_Oidn2-3_Fast.uexp" 1105
"../../../Engine/Plugins/NNE/NNEDenoiser/Content/NNED_Oidn2-3_Fast_Alpha.uasset" 1106
"../../../Engine/Plugins/NNE/NNEDenoiser/Content/NNED_Oidn2-3_Fast_Alpha.uexp" 1107
"../../../Engine/Plugins/NNE/NNEDenoiser/Content/NNED_Oidn2-3_HighQuality.uasset" 1108
"../../../Engine/Plugins/NNE/NNEDenoiser/Content/NNED_Oidn2-3_HighQuality.uexp" 1109
"../../../Engine/Plugins/NNE/NNEDenoiser/Content/NNED_Oidn2-3_HighQuality_Alpha.uasset" 1110
"../../../Engine/Plugins/NNE/NNEDenoiser/Content/NNED_Oidn2-3_HighQuality_Alpha.uexp" 1111
"../../../Engine/Plugins/NNE/NNEDenoiser/Content/NNE_oidn2-3-0_rt_hdr_alb_nrm_small__dyn__fp16_opset11_DenoiseAlpha.uasset" 1112
"../../../Engine/Plugins/NNE/NNEDenoiser/Content/NNE_oidn2-3-0_rt_hdr_alb_nrm_small__dyn__fp16_opset11_DenoiseAlpha.uexp" 1113
"../../../Engine/Plugins/NNE/NNEDenoiser/Content/NNE_oidn2-3-0_rt_hdr_alb_nrm_small__dyn__fp16_opset11_ForwardAlpha.uasset" 1114
"../../../Engine/Plugins/NNE/NNEDenoiser/Content/NNE_oidn2-3-0_rt_hdr_alb_nrm_small__dyn__fp16_opset11_ForwardAlpha.uexp" 1115
"../../../Engine/Plugins/NNE/NNEDenoiser/Content/NNE_oidn2-3-0_rt_hdr_alb_nrm__dyn__fp16_opset11_DenoiseAlpha.uasset" 1116
"../../../Engine/Plugins/NNE/NNEDenoiser/Content/NNE_oidn2-3-0_rt_hdr_alb_nrm__dyn__fp16_opset11_DenoiseAlpha.uexp" 1117
"../../../Engine/Plugins/NNE/NNEDenoiser/Content/NNE_oidn2-3-0_rt_hdr_alb_nrm__dyn__fp16_opset11_ForwardAlpha.uasset" 1118
"../../../Engine/Plugins/NNE/NNEDenoiser/Content/NNE_oidn2-3-0_rt_hdr_alb_nrm__dyn__fp16_opset11_ForwardAlpha.uexp" 1119
"../../../Engine/Plugins/NNE/NNEDenoiser/Content/NNE_oidn2-3-0_rt_hdr_calb_cnrm_large__dyn__fp16_opset11_DenoiseAlpha.uasset" 1120
"../../../Engine/Plugins/NNE/NNEDenoiser/Content/NNE_oidn2-3-0_rt_hdr_calb_cnrm_large__dyn__fp16_opset11_DenoiseAlpha.uexp" 1121
"../../../Engine/Plugins/NNE/NNEDenoiser/Content/NNE_oidn2-3-0_rt_hdr_calb_cnrm_large__dyn__fp16_opset11_ForwardAlpha.uasset" 1122
"../../../Engine/Plugins/NNE/NNEDenoiser/Content/NNE_oidn2-3-0_rt_hdr_calb_cnrm_large__dyn__fp16_opset11_ForwardAlpha.uexp" 1123
"C:/wkspaces/PointAndClick/Content/UI/WBP_Test.uasset" 1124
"C:/wkspaces/PointAndClick/Content/UI/WBP_Test.uexp" 1125
"../../../Engine/Content/Maps/Entry_BuiltData.uasset" 1126
"../../../Engine/Content/Maps/Entry_BuiltData.uexp" 1127
"../../../Engine/Content/Maps/Entry.uexp" 1128
"../../../Engine/Content/Maps/Entry.umap" 1129
"C:/wkspaces/PointAndClick/Content/Maps/Level_0.uexp" 1130
"C:/wkspaces/PointAndClick/Content/Maps/Level_0.umap" 1131
"C:/wkspaces/PointAndClick/Content/Maps/Level_1.uexp" 1132
"C:/wkspaces/PointAndClick/Content/Maps/Level_1.umap" 1133
"C:/wkspaces/PointAndClick/Content/Maps/Level_2.uexp" 1134
"C:/wkspaces/PointAndClick/Content/Maps/Level_2.umap" 1135
"C:/wkspaces/PointAndClick/Content/Maps/Level_3.uexp" 1136
"C:/wkspaces/PointAndClick/Content/Maps/Level_3.umap" 1137
"C:/wkspaces/PointAndClick/Content/Maps/Level_4.uexp" 1138
"C:/wkspaces/PointAndClick/Content/Maps/Level_4.umap" 1139
"C:/wkspaces/PointAndClick/Content/UI/Menu/WBP_MainMenu.uasset" 1140
"C:/wkspaces/PointAndClick/Content/UI/Menu/WBP_MainMenu.uexp" 1141
"C:/wkspaces/PointAndClick/Content/Blueprints/core/BP_MenuPawn.uasset" 1142
"C:/wkspaces/PointAndClick/Content/Blueprints/core/BP_MenuPawn.uexp" 1143
"C:/wkspaces/PointAndClick/Content/Blueprints/core/BP_MainMenuGameMode.uasset" 1144
"C:/wkspaces/PointAndClick/Content/Blueprints/core/BP_MainMenuGameMode.uexp" 1145
"C:/wkspaces/PointAndClick/Content/Maps/MainMenu.uexp" 1146
"C:/wkspaces/PointAndClick/Content/Maps/MainMenu.umap" 1147
